#
# There is insufficient memory for the Java Runtime Environment to continue.
# Native memory allocation (mmap) failed to map 65011712 bytes for G1 virtual space
# Possible reasons:
#   The system is out of physical RAM or swap space
#   The process is running with CompressedOops enabled, and the Java Heap may be blocking the growth of the native heap
# Possible solutions:
#   Reduce memory load on the system
#   Increase physical memory or swap space
#   Check if swap backing store is full
#   Decrease Java heap size (-Xmx/-Xms)
#   Decrease number of Java threads
#   Decrease Java thread stack sizes (-Xss)
#   Set larger code cache with -XX:ReservedCodeCacheSize=
#   JVM is running with Unscaled Compressed Oops mode in which the Java heap is
#     placed in the first 4GB address space. The Java Heap base address is the
#     maximum limit for the native heap growth. Please use -XX:HeapBaseMinAddress
#     to set the Java Heap base and to place the Java Heap above 4GB virtual address.
# This output file may be truncated or incomplete.
#
#  Out of Memory Error (os_windows.cpp:3532), pid=12680, tid=7760
#
# JRE version:  (17.0.2+8) (build )
# Java VM: Java HotSpot(TM) 64-Bit Server VM (17.0.2+8-LTS-86, mixed mode, sharing, tiered, compressed oops, compressed class ptrs, g1 gc, windows-amd64)
# No core dump will be written. Minidumps are not enabled by default on client versions of Windows
#

---------------  S U M M A R Y ------------

Command Line: -Dorg.gradle.appname=gradlew org.gradle.wrapper.GradleWrapperMain -q -Ptarget-platform=android-arm,android-arm64,android-x64 -Ptarget=lib\main.dart -Pbase-application-name=android.app.Application -Pdart-obfuscation=false -Ptrack-widget-creation=true -Ptree-shake-icons=true assembleRelease

Host: Intel(R) Core(TM) i3-6006U CPU @ 2.00GHz, 4 cores, 3G,  Windows 10 , 64 bit Build 19041 (10.0.19041.1566)
Time: Sat Mar 19 23:02:48 2022 India Standard Time elapsed time: 1.884716 seconds (0d 0h 0m 1s)

---------------  T H R E A D  ---------------

Current thread (0x0000022ecad5f2a0):  JavaThread "Unknown thread" [_thread_in_vm, id=7760, stack(0x000000b896100000,0x000000b896200000)]

Stack: [0x000000b896100000,0x000000b896200000]
Native frames: (J=compiled Java code, j=interpreted, Vv=VM code, C=native code)
V  [jvm.dll+0x670baa]
V  [jvm.dll+0x7cfcb4]
V  [jvm.dll+0x7d145e]
V  [jvm.dll+0x7d1ac3]
V  [jvm.dll+0x242bc5]
V  [jvm.dll+0x66dac9]
V  [jvm.dll+0x662412]
V  [jvm.dll+0x300c0b]
V  [jvm.dll+0x3081a6]
V  [jvm.dll+0x357d0e]
V  [jvm.dll+0x357f3f]
V  [jvm.dll+0x2d7ec8]
V  [jvm.dll+0x2d8e34]
V  [jvm.dll+0x7a18c1]
V  [jvm.dll+0x365a91]
V  [jvm.dll+0x780d2c]
V  [jvm.dll+0x3e845f]
V  [jvm.dll+0x3e9f01]
C  [jli.dll+0x527b]
C  [ucrtbase.dll+0x21bb2]
C  [KERNEL32.DLL+0x17034]
C  [ntdll.dll+0x52651]


---------------  P R O C E S S  ---------------

Threads class SMR info:
_java_thread_list=0x00007ff805499858, length=0, elements={
}

Java Threads: ( => current thread )

Other Threads:
  0x0000022ecad8c0b0 GCTaskThread "GC Thread#0" [stack: 0x000000b896200000,0x000000b896300000] [id=6528]
  0x0000022ecad95c00 ConcurrentGCThread "G1 Main Marker" [stack: 0x000000b896300000,0x000000b896400000] [id=8460]
  0x0000022ecad96610 ConcurrentGCThread "G1 Conc#0" [stack: 0x000000b896400000,0x000000b896500000] [id=4192]

[error occurred during error reporting (printing all threads), id 0xc0000005, EXCEPTION_ACCESS_VIOLATION (0xc0000005) at pc=0x00007ff804ce88a7]

VM state: not at safepoint (not fully initialized)

VM Mutex/Monitor currently owned by a thread:  ([mutex/lock_event])
[0x0000022ecad59490] Heap_lock - owner thread: 0x0000022ecad5f2a0

Heap address: 0x00000000c2000000, size: 992 MB, Compressed Oops mode: 32-bit

CDS archive(s) mapped at: [0x0000000000000000-0x0000000000000000-0x0000000000000000), size 0, SharedBaseAddress: 0x0000000800000000, ArchiveRelocationMode: 0.
Narrow klass base: 0x0000000000000000, Narrow klass shift: 0, Narrow klass range: 0x0

GC Precious Log:
<Empty>

Heap:
 garbage-first heap   total 0K, used 0K [0x00000000c2000000, 0x0000000100000000)
  region size 1024K, 0 young (0K), 0 survivors (0K)

[error occurred during error reporting (printing heap information), id 0xc0000005, EXCEPTION_ACCESS_VIOLATION (0xc0000005) at pc=0x00007ff8050c9f19]

GC Heap History (0 events):
No events

Deoptimization events (0 events):
No events

Classes unloaded (0 events):
No events

Classes redefined (0 events):
No events

Internal exceptions (0 events):
No events

VM Operations (0 events):
No events

Events (1 events):
Event: 1.624 Loaded shared library C:\Program Files\Java\jdk-17.0.2\bin\java.dll


Dynamic libraries:
0x00007ff6dedd0000 - 0x00007ff6dede0000 	C:\Program Files\Java\jdk-17.0.2\bin\java.exe
0x00007ff83d1b0000 - 0x00007ff83d3a5000 	C:\WINDOWS\SYSTEM32\ntdll.dll
0x00007ff83b460000 - 0x00007ff83b51e000 	C:\WINDOWS\System32\KERNEL32.DLL
0x00007ff83a9c0000 - 0x00007ff83ac88000 	C:\WINDOWS\System32\KERNELBASE.dll
0x00007ff83ad40000 - 0x00007ff83ae40000 	C:\WINDOWS\System32\ucrtbase.dll
0x00007ff8250e0000 - 0x00007ff8250f8000 	C:\Program Files\Java\jdk-17.0.2\bin\jli.dll
0x00007ff83d0c0000 - 0x00007ff83d16e000 	C:\WINDOWS\System32\ADVAPI32.dll
0x00007ff83d010000 - 0x00007ff83d0ae000 	C:\WINDOWS\System32\msvcrt.dll
0x00007ff83c4a0000 - 0x00007ff83c53c000 	C:\WINDOWS\System32\sechost.dll
0x00007ff83b580000 - 0x00007ff83b6a5000 	C:\WINDOWS\System32\RPCRT4.dll
0x00007ff83ce70000 - 0x00007ff83d010000 	C:\WINDOWS\System32\USER32.dll
0x00007ff83a990000 - 0x00007ff83a9b2000 	C:\WINDOWS\System32\win32u.dll
0x00007ff83c670000 - 0x00007ff83c69b000 	C:\WINDOWS\System32\GDI32.dll
0x00007ff83af50000 - 0x00007ff83b05b000 	C:\WINDOWS\System32\gdi32full.dll
0x00007ff83ae40000 - 0x00007ff83aedd000 	C:\WINDOWS\System32\msvcp_win.dll
0x00007ff830c40000 - 0x00007ff830eda000 	C:\WINDOWS\WinSxS\amd64_microsoft.windows.common-controls_6595b64144ccf1df_6.0.19041.1110_none_60b5254171f9507e\COMCTL32.dll
0x00007ff824ed0000 - 0x00007ff824eea000 	C:\Program Files\Java\jdk-17.0.2\bin\VCRUNTIME140.dll
0x00007ff833120000 - 0x00007ff83312a000 	C:\WINDOWS\SYSTEM32\VERSION.dll
0x00007ff83b210000 - 0x00007ff83b240000 	C:\WINDOWS\System32\IMM32.DLL
0x00007ff834960000 - 0x00007ff83496c000 	C:\Program Files\Java\jdk-17.0.2\bin\vcruntime140_1.dll
0x00007ff81aab0000 - 0x00007ff81ab3d000 	C:\Program Files\Java\jdk-17.0.2\bin\msvcp140.dll
0x00007ff804a00000 - 0x00007ff8055c1000 	C:\Program Files\Java\jdk-17.0.2\bin\server\jvm.dll
0x00007ff83d0b0000 - 0x00007ff83d0b8000 	C:\WINDOWS\System32\PSAPI.DLL
0x00007ff823790000 - 0x00007ff8237b7000 	C:\WINDOWS\SYSTEM32\WINMM.dll
0x00007ff82ed50000 - 0x00007ff82ed59000 	C:\WINDOWS\SYSTEM32\WSOCK32.dll
0x00007ff83c6a0000 - 0x00007ff83c70b000 	C:\WINDOWS\System32\ws2_32.DLL
0x00007ff839170000 - 0x00007ff839182000 	C:\WINDOWS\SYSTEM32\kernel.appcore.dll
0x00007ff828e00000 - 0x00007ff828e0a000 	C:\Program Files\Java\jdk-17.0.2\bin\jimage.dll
0x00007ff8386d0000 - 0x00007ff8388b4000 	C:\WINDOWS\SYSTEM32\DBGHELP.DLL
0x00007ff833ed0000 - 0x00007ff833efc000 	C:\WINDOWS\SYSTEM32\dbgcore.DLL
0x00007ff83a8d0000 - 0x00007ff83a952000 	C:\WINDOWS\System32\bcryptPrimitives.dll
0x00007ff824ea0000 - 0x00007ff824ec5000 	C:\Program Files\Java\jdk-17.0.2\bin\java.dll

dbghelp: loaded successfully - version: 4.0.5 - missing functions: none
symbol engine: initialized successfully - sym options: 0x614 - pdb path: .;C:\Program Files\Java\jdk-17.0.2\bin;C:\WINDOWS\SYSTEM32;C:\WINDOWS\WinSxS\amd64_microsoft.windows.common-controls_6595b64144ccf1df_6.0.19041.1110_none_60b5254171f9507e;C:\Program Files\Java\jdk-17.0.2\bin\server

VM Arguments:
jvm_args: -Dorg.gradle.appname=gradlew 
java_command: org.gradle.wrapper.GradleWrapperMain -q -Ptarget-platform=android-arm,android-arm64,android-x64 -Ptarget=lib\main.dart -Pbase-application-name=android.app.Application -Pdart-obfuscation=false -Ptrack-widget-creation=true -Ptree-shake-icons=true assembleRelease
java_class_path (initial): G:\Vyapar-Party-App\android\\gradle\wrapper\gradle-wrapper.jar
Launcher Type: SUN_STANDARD

[Global flags]
     intx CICompilerCount                          = 3                                         {product} {ergonomic}
     uint ConcGCThreads                            = 1                                         {product} {ergonomic}
     uint G1ConcRefinementThreads                  = 4                                         {product} {ergonomic}
   size_t G1HeapRegionSize                         = 1048576                                   {product} {ergonomic}
    uintx GCDrainStackTargetSize                   = 64                                        {product} {ergonomic}
   size_t InitialHeapSize                          = 65011712                                  {product} {ergonomic}
   size_t MarkStackSize                            = 4194304                                   {product} {ergonomic}
   size_t MaxHeapSize                              = 1040187392                                {product} {ergonomic}
   size_t MinHeapDeltaBytes                        = 1048576                                   {product} {ergonomic}
   size_t MinHeapSize                              = 8388608                                   {product} {ergonomic}
    uintx NonNMethodCodeHeapSize                   = 5832780                                {pd product} {ergonomic}
    uintx NonProfiledCodeHeapSize                  = 122912730                              {pd product} {ergonomic}
    uintx ProfiledCodeHeapSize                     = 122912730                              {pd product} {ergonomic}
    uintx ReservedCodeCacheSize                    = 251658240                              {pd product} {ergonomic}
     bool SegmentedCodeCache                       = true                                      {product} {ergonomic}
   size_t SoftMaxHeapSize                          = 1040187392                             {manageable} {ergonomic}
     bool UseCompressedClassPointers               = true                           {product lp64_product} {ergonomic}
     bool UseCompressedOops                        = true                           {product lp64_product} {ergonomic}
     bool UseG1GC                                  = true                                      {product} {ergonomic}
     bool UseLargePagesIndividualAllocation        = false                                  {pd product} {ergonomic}

Logging:
Log output configuration:
 #0: stdout all=warning uptime,level,tags
 #1: stderr all=off uptime,level,tags

Environment Variables:
JAVA_HOME=C:\Program Files\Java\jdk-17.0.2
CLASSPATH=G:\Vyapar-Party-App\android\\gradle\wrapper\gradle-wrapper.jar
PATH=C:\Program Files\Common Files\Oracle\Java\javapath;C:\WINDOWS\system32;C:\WINDOWS;C:\WINDOWS\System32\Wbem;C:\WINDOWS\System32\WindowsPowerShell\v1.0\;C:\WINDOWS\System32\OpenSSH\;C:\Windows\System32;C:\Program Files\Git\cmd;C:\Program Files\Android\Android Studio\jre;G:\Softwere\flutter_windows_1.22.5-stable\flutter\bin;C:\Users\dell\AppData\Local\Android\Sdk\platform-tools;C:\Users\dell\AppData\Local\Microsoft\WindowsApps;C:\Users\dell\AppData\Local\Programs\Microsoft VS Code\bin;G:\Softwere\flutter_windows_1.22.5-stable\flutter\bin;C:\Users\dell\AppData\Local\Android\Sdk\platform-tools;
USERNAME=Pratik
LANG=en_US.UTF-8
OS=Windows_NT
PROCESSOR_IDENTIFIER=Intel64 Family 6 Model 78 Stepping 3, GenuineIntel



---------------  S Y S T E M  ---------------

OS:
 Windows 10 , 64 bit Build 19041 (10.0.19041.1566)
OS uptime: 5 days 11:47 hours

CPU: total 4 (initial active 4) (2 cores per cpu, 2 threads per core) family 6 model 78 stepping 3 microcode 0xdc, cx8, cmov, fxsr, ht, mmx, 3dnowpref, sse, sse2, sse3, ssse3, sse4.1, sse4.2, popcnt, lzcnt, tsc, tscinvbit, avx, avx2, aes, erms, clmul, bmi1, bmi2, adx, fma, vzeroupper, clflush, clflushopt

Memory: 4k page, system-wide physical 3961M (219M free)
TotalPageFile size 16249M (AvailPageFile size 0M)
current process WorkingSet (physical memory assigned to process): 10M, peak: 10M
current process commit charge ("private bytes"): 51M, peak: 113M

vm_info: Java HotSpot(TM) 64-Bit Server VM (17.0.2+8-LTS-86) for windows-amd64 JRE (17.0.2+8-LTS-86), built on Dec  7 2021 21:51:03 by "mach5one" with MS VC++ 16.8 / 16.9 (VS2019)

END.
