#
# There is insufficient memory for the Java Runtime Environment to continue.
# Native memory allocation (malloc) failed to allocate 32744 bytes for ChunkPool::allocate
# Possible reasons:
#   The system is out of physical RAM or swap space
#   The process is running with CompressedOops enabled, and the Java Heap may be blocking the growth of the native heap
# Possible solutions:
#   Reduce memory load on the system
#   Increase physical memory or swap space
#   Check if swap backing store is full
#   Decrease Java heap size (-Xmx/-Xms)
#   Decrease number of Java threads
#   Decrease Java thread stack sizes (-Xss)
#   Set larger code cache with -XX:ReservedCodeCacheSize=
#   JVM is running with Unscaled Compressed Oops mode in which the Java heap is
#     placed in the first 4GB address space. The Java Heap base address is the
#     maximum limit for the native heap growth. Please use -XX:HeapBaseMinAddress
#     to set the Java Heap base and to place the Java Heap above 4GB virtual address.
# This output file may be truncated or incomplete.
#
#  Out of Memory Error (./src/hotspot/share/memory/arena.cpp:81), pid=12656, tid=9704
#
# JRE version: OpenJDK Runtime Environment (11.0.11+9) (build 11.0.11+9-b60-7590822)
# Java VM: OpenJDK 64-Bit Server VM (11.0.11+9-b60-7590822, mixed mode, tiered, compressed oops, g1 gc, windows-amd64)
# No core dump will be written. Minidumps are not enabled by default on client versions of Windows
#

---------------  S U M M A R Y ------------

Command Line: --add-opens=java.base/java.util=ALL-UNNAMED --add-opens=java.base/java.lang=ALL-UNNAMED --add-opens=java.base/java.lang.invoke=ALL-UNNAMED --add-opens=java.base/java.util=ALL-UNNAMED --add-opens=java.prefs/java.util.prefs=ALL-UNNAMED --add-opens=java.prefs/java.util.prefs=ALL-UNNAMED --add-opens=java.base/java.nio.charset=ALL-UNNAMED --add-opens=java.base/java.net=ALL-UNNAMED --add-opens=java.base/java.util.concurrent.atomic=ALL-UNNAMED -Xmx1536M -Dfile.encoding=windows-1252 -Duser.country=US -Duser.language=en -Duser.variant org.gradle.launcher.daemon.bootstrap.GradleDaemon 7.2

Host: Intel(R) Core(TM) i3-6006U CPU @ 2.00GHz, 4 cores, 3G,  Windows 10 , 64 bit Build 19041 (10.0.19041.1566)
Time: Sat Mar 19 23:02:49 2022 India Standard Time elapsed time: 69.106426 seconds (0d 0h 1m 9s)

---------------  T H R E A D  ---------------

Current thread (0x000002c040339000):  JavaThread "C2 CompilerThread0" daemon [_thread_in_native, id=9704, stack(0x000000c61b500000,0x000000c61b600000)]


Current CompileTask:
C2:  69106 7584 %     4       groovy.lang.MetaClassImpl::inheritInterfaceNewMetaMethods @ 100 (195 bytes)

Stack: [0x000000c61b500000,0x000000c61b600000]
Native frames: (J=compiled Java code, j=interpreted, Vv=VM code, C=native code)
V  [jvm.dll+0x5f214a]
V  [jvm.dll+0x726fb5]
V  [jvm.dll+0x7285cd]
V  [jvm.dll+0x728c83]
V  [jvm.dll+0x243278]
V  [jvm.dll+0xbc78b]
V  [jvm.dll+0xbca3c]
V  [jvm.dll+0xbc638]
V  [jvm.dll+0x711939]
V  [jvm.dll+0x711252]
V  [jvm.dll+0x1964b0]
V  [jvm.dll+0x192fe3]
V  [jvm.dll+0x61f97e]
V  [jvm.dll+0x608fe1]
V  [jvm.dll+0x607217]
V  [jvm.dll+0x606823]
V  [jvm.dll+0x604872]
V  [jvm.dll+0x1865ac]
V  [jvm.dll+0x2b4d13]
V  [jvm.dll+0x60f2b9]
V  [jvm.dll+0x6071ba]
V  [jvm.dll+0x606823]
V  [jvm.dll+0x604872]
V  [jvm.dll+0x1865ac]
V  [jvm.dll+0x2b4d13]
V  [jvm.dll+0x60f2b9]
V  [jvm.dll+0x6071ba]
V  [jvm.dll+0x606823]
V  [jvm.dll+0x604872]
V  [jvm.dll+0x1865ac]
V  [jvm.dll+0x2b4d13]
V  [jvm.dll+0x60f2b9]
V  [jvm.dll+0x6071ba]
V  [jvm.dll+0x606823]
V  [jvm.dll+0x604872]
V  [jvm.dll+0x1865ac]
V  [jvm.dll+0x2b4d13]
V  [jvm.dll+0x60f2b9]
V  [jvm.dll+0x6071ba]
V  [jvm.dll+0x606823]
V  [jvm.dll+0x604872]
V  [jvm.dll+0x1865ac]
V  [jvm.dll+0x1fb0f5]
V  [jvm.dll+0x183d6c]
V  [jvm.dll+0x209a57]
V  [jvm.dll+0x2082a1]
V  [jvm.dll+0x6ef58f]
V  [jvm.dll+0x6e80b5]
V  [jvm.dll+0x5f1036]
C  [ucrtbase.dll+0x21bb2]
C  [KERNEL32.DLL+0x17034]
C  [ntdll.dll+0x52651]


---------------  P R O C E S S  ---------------

Threads class SMR info:
_java_thread_list=0x000002c043053010, length=79, elements={
0x000002c025183800, 0x000002c03f9a5800, 0x000002c03f9a8800, 0x000002c040333800,
0x000002c040334800, 0x000002c040338000, 0x000002c040339000, 0x000002c04033a000,
0x000002c040391000, 0x000002c040472000, 0x000002c042142800, 0x000002c041af9800,
0x000002c0416c2000, 0x000002c041ed8800, 0x000002c0404b2800, 0x000002c041eb3800,
0x000002c041ec4800, 0x000002c041c74000, 0x000002c041c75000, 0x000002c041385000,
0x000002c041385800, 0x000002c041386800, 0x000002c041382800, 0x000002c041381000,
0x000002c041387800, 0x000002c041383000, 0x000002c041381800, 0x000002c041384000,
0x000002c0427cb000, 0x000002c0427ca000, 0x000002c0427cc800, 0x000002c0427cd800,
0x000002c0427c7800, 0x000002c0427c8800, 0x000002c041e3d000, 0x000002c041e3e000,
0x000002c041e3b800, 0x000002c041e39000, 0x000002c041e3e800, 0x000002c041e39800,
0x000002c041e3c000, 0x000002c041e3f800, 0x000002c041e40000, 0x000002c041e3a800,
0x000002c041e45000, 0x000002c041e43800, 0x000002c041e42800, 0x000002c041e46000,
0x000002c041e44800, 0x000002c041e47000, 0x000002c041e41000, 0x000002c041e47800,
0x000002c041e42000, 0x000002c044645000, 0x000002c044648000, 0x000002c044646800,
0x000002c044645800, 0x000002c044644000, 0x000002c044643000, 0x000002c044647800,
0x000002c044642800, 0x000002c04464e000, 0x000002c04464c000, 0x000002c04464d000,
0x000002c04464b800, 0x000002c04464a000, 0x000002c04464a800, 0x000002c04464e800,
0x000002c044649000, 0x000002c04464f800, 0x000002c044650800, 0x000002c044651000,
0x000002c04146e800, 0x000002c04146f000, 0x000002c041469800, 0x000002c04146b000,
0x000002c041470000, 0x000002c04146a000, 0x000002c041470800
}

Java Threads: ( => current thread )
  0x000002c025183800 JavaThread "main" [_thread_blocked, id=2676, stack(0x000000c61a900000,0x000000c61aa00000)]
  0x000002c03f9a5800 JavaThread "Reference Handler" daemon [_thread_blocked, id=9596, stack(0x000000c61b000000,0x000000c61b100000)]
  0x000002c03f9a8800 JavaThread "Finalizer" daemon [_thread_blocked, id=5376, stack(0x000000c61b100000,0x000000c61b200000)]
  0x000002c040333800 JavaThread "Signal Dispatcher" daemon [_thread_blocked, id=7608, stack(0x000000c61b200000,0x000000c61b300000)]
  0x000002c040334800 JavaThread "Attach Listener" daemon [_thread_blocked, id=10708, stack(0x000000c61b300000,0x000000c61b400000)]
  0x000002c040338000 JavaThread "Service Thread" daemon [_thread_blocked, id=5468, stack(0x000000c61b400000,0x000000c61b500000)]
=>0x000002c040339000 JavaThread "C2 CompilerThread0" daemon [_thread_in_native, id=9704, stack(0x000000c61b500000,0x000000c61b600000)]
  0x000002c04033a000 JavaThread "C1 CompilerThread0" daemon [_thread_blocked, id=13772, stack(0x000000c61b600000,0x000000c61b700000)]
  0x000002c040391000 JavaThread "Sweeper thread" daemon [_thread_blocked, id=11640, stack(0x000000c61b700000,0x000000c61b800000)]
  0x000002c040472000 JavaThread "Common-Cleaner" daemon [_thread_blocked, id=2036, stack(0x000000c61b800000,0x000000c61b900000)]
  0x000002c042142800 JavaThread "Daemon health stats" [_thread_blocked, id=11656, stack(0x000000c61bb00000,0x000000c61bc00000)]
  0x000002c041af9800 JavaThread "Incoming local TCP Connector on port 49440" [_thread_in_native, id=9968, stack(0x000000c61bc00000,0x000000c61bd00000)]
  0x000002c0416c2000 JavaThread "Daemon periodic checks" [_thread_blocked, id=4348, stack(0x000000c61bd00000,0x000000c61be00000)]
  0x000002c041ed8800 JavaThread "Daemon" [_thread_blocked, id=10492, stack(0x000000c61be00000,0x000000c61bf00000)]
  0x000002c0404b2800 JavaThread "Handler for socket connection from /127.0.0.1:49440 to /127.0.0.1:49441" [_thread_in_native, id=11192, stack(0x000000c61bf00000,0x000000c61c000000)]
  0x000002c041eb3800 JavaThread "Cancel handler" [_thread_blocked, id=6908, stack(0x000000c61c000000,0x000000c61c100000)]
  0x000002c041ec4800 JavaThread "Daemon worker" [_thread_in_vm, id=268, stack(0x000000c61c100000,0x000000c61c200000)]
  0x000002c041c74000 JavaThread "Asynchronous log dispatcher for DefaultDaemonConnection: socket connection from /127.0.0.1:49440 to /127.0.0.1:49441" [_thread_blocked, id=8904, stack(0x000000c61c200000,0x000000c61c300000)]
  0x000002c041c75000 JavaThread "Stdin handler" [_thread_blocked, id=8032, stack(0x000000c61c300000,0x000000c61c400000)]
  0x000002c041385000 JavaThread "Daemon client event forwarder" [_thread_blocked, id=6712, stack(0x000000c61c400000,0x000000c61c500000)]
  0x000002c041385800 JavaThread "Cache worker for journal cache (C:\Users\dell\.gradle\caches\journal-1)" [_thread_blocked, id=7844, stack(0x000000c61c700000,0x000000c61c800000)]
  0x000002c041386800 JavaThread "File lock request listener" [_thread_in_native, id=7364, stack(0x000000c61c800000,0x000000c61c900000)]
  0x000002c041382800 JavaThread "Cache worker for file hash cache (C:\Users\dell\.gradle\caches\7.2\fileHashes)" [_thread_blocked, id=10920, stack(0x000000c61c900000,0x000000c61ca00000)]
  0x000002c041381000 JavaThread "Cache worker for file hash cache (G:\Vyapar-Party-App\android\.gradle\7.2\fileHashes)" [_thread_blocked, id=2400, stack(0x000000c61ca00000,0x000000c61cb00000)]
  0x000002c041387800 JavaThread "File watcher server" daemon [_thread_in_native, id=12752, stack(0x000000c61cb00000,0x000000c61cc00000)]
  0x000002c041383000 JavaThread "File watcher consumer" daemon [_thread_blocked, id=6340, stack(0x000000c61cc00000,0x000000c61cd00000)]
  0x000002c041381800 JavaThread "Cache worker for checksums cache (G:\Vyapar-Party-App\android\.gradle\checksums)" [_thread_blocked, id=1964, stack(0x000000c61cd00000,0x000000c61ce00000)]
  0x000002c041384000 JavaThread "Cache worker for cache directory md-supplier (C:\Users\dell\.gradle\caches\7.2\md-supplier)" [_thread_blocked, id=5780, stack(0x000000c61ce00000,0x000000c61cf00000)]
  0x000002c0427cb000 JavaThread "Cache worker for cache directory md-rule (C:\Users\dell\.gradle\caches\7.2\md-rule)" [_thread_blocked, id=1076, stack(0x000000c61cf00000,0x000000c61d000000)]
  0x000002c0427ca000 JavaThread "Cache worker for execution history cache (C:\Users\dell\.gradle\caches\7.2\executionHistory)" [_thread_blocked, id=7988, stack(0x000000c61d000000,0x000000c61d100000)]
  0x000002c0427cc800 JavaThread "jar transforms" [_thread_blocked, id=12168, stack(0x000000c61d100000,0x000000c61d200000)]
  0x000002c0427cd800 JavaThread "jar transforms Thread 2" [_thread_blocked, id=13688, stack(0x000000c61d200000,0x000000c61d300000)]
  0x000002c0427c7800 JavaThread "Cache worker for file content cache (C:\Users\dell\.gradle\caches\7.2\fileContent)" [_thread_blocked, id=12540, stack(0x000000c61d300000,0x000000c61d400000)]
  0x000002c0427c8800 JavaThread "jar transforms Thread 3" [_thread_blocked, id=11544, stack(0x000000c61a600000,0x000000c61a700000)]
  0x000002c041e3d000 JavaThread "jar transforms Thread 4" [_thread_blocked, id=11580, stack(0x000000c61d400000,0x000000c61d500000)]
  0x000002c041e3e000 JavaThread "Cache worker for dependencies-accessors (G:\Vyapar-Party-App\android\.gradle\7.2\dependencies-accessors)" [_thread_blocked, id=13548, stack(0x000000c61d500000,0x000000c61d600000)]
  0x000002c041e3b800 JavaThread "Cache worker for Build Output Cleanup Cache (G:\Vyapar-Party-App\android\.gradle\buildOutputCleanup)" [_thread_blocked, id=13584, stack(0x000000c61d800000,0x000000c61d900000)]
  0x000002c041e39000 JavaThread "Unconstrained build operations" [_thread_blocked, id=14016, stack(0x000000c61d900000,0x000000c61da00000)]
  0x000002c041e3e800 JavaThread "Unconstrained build operations Thread 2" [_thread_blocked, id=10760, stack(0x000000c61da00000,0x000000c61db00000)]
  0x000002c041e39800 JavaThread "Unconstrained build operations Thread 3" [_thread_blocked, id=1112, stack(0x000000c61db00000,0x000000c61dc00000)]
  0x000002c041e3c000 JavaThread "Unconstrained build operations Thread 4" [_thread_blocked, id=3264, stack(0x000000c61dc00000,0x000000c61dd00000)]
  0x000002c041e3f800 JavaThread "Unconstrained build operations Thread 5" [_thread_blocked, id=12056, stack(0x000000c61dd00000,0x000000c61de00000)]
  0x000002c041e40000 JavaThread "Unconstrained build operations Thread 6" [_thread_blocked, id=1628, stack(0x000000c61de00000,0x000000c61df00000)]
  0x000002c041e3a800 JavaThread "Unconstrained build operations Thread 7" [_thread_blocked, id=12856, stack(0x000000c61df00000,0x000000c61e000000)]
  0x000002c041e45000 JavaThread "Unconstrained build operations Thread 8" [_thread_blocked, id=2608, stack(0x000000c61e000000,0x000000c61e100000)]
  0x000002c041e43800 JavaThread "Unconstrained build operations Thread 9" [_thread_blocked, id=9496, stack(0x000000c61e100000,0x000000c61e200000)]
  0x000002c041e42800 JavaThread "Unconstrained build operations Thread 10" [_thread_blocked, id=6596, stack(0x000000c61e200000,0x000000c61e300000)]
  0x000002c041e46000 JavaThread "Unconstrained build operations Thread 11" [_thread_blocked, id=7060, stack(0x000000c61e300000,0x000000c61e400000)]
  0x000002c041e44800 JavaThread "Unconstrained build operations Thread 12" [_thread_blocked, id=12844, stack(0x000000c61e400000,0x000000c61e500000)]
  0x000002c041e47000 JavaThread "Unconstrained build operations Thread 13" [_thread_blocked, id=5204, stack(0x000000c61e500000,0x000000c61e600000)]
  0x000002c041e41000 JavaThread "Unconstrained build operations Thread 14" [_thread_blocked, id=10056, stack(0x000000c61e600000,0x000000c61e700000)]
  0x000002c041e47800 JavaThread "Unconstrained build operations Thread 15" [_thread_blocked, id=13392, stack(0x000000c61e700000,0x000000c61e800000)]
  0x000002c041e42000 JavaThread "Unconstrained build operations Thread 16" [_thread_blocked, id=11236, stack(0x000000c61e800000,0x000000c61e900000)]
  0x000002c044645000 JavaThread "Unconstrained build operations Thread 17" [_thread_blocked, id=8972, stack(0x000000c61e900000,0x000000c61ea00000)]
  0x000002c044648000 JavaThread "Unconstrained build operations Thread 18" [_thread_blocked, id=3644, stack(0x000000c61ea00000,0x000000c61eb00000)]
  0x000002c044646800 JavaThread "Unconstrained build operations Thread 19" [_thread_blocked, id=6696, stack(0x000000c61eb00000,0x000000c61ec00000)]
  0x000002c044645800 JavaThread "Unconstrained build operations Thread 20" [_thread_blocked, id=13368, stack(0x000000c61ec00000,0x000000c61ed00000)]
  0x000002c044644000 JavaThread "Unconstrained build operations Thread 21" [_thread_blocked, id=12860, stack(0x000000c61ed00000,0x000000c61ee00000)]
  0x000002c044643000 JavaThread "Unconstrained build operations Thread 22" [_thread_blocked, id=9408, stack(0x000000c61ee00000,0x000000c61ef00000)]
  0x000002c044647800 JavaThread "Unconstrained build operations Thread 23" [_thread_blocked, id=12116, stack(0x000000c61ef00000,0x000000c61f000000)]
  0x000002c044642800 JavaThread "Unconstrained build operations Thread 24" [_thread_blocked, id=2132, stack(0x000000c61f000000,0x000000c61f100000)]
  0x000002c04464e000 JavaThread "Unconstrained build operations Thread 25" [_thread_blocked, id=9276, stack(0x000000c61f100000,0x000000c61f200000)]
  0x000002c04464c000 JavaThread "Unconstrained build operations Thread 26" [_thread_blocked, id=9632, stack(0x000000c61f200000,0x000000c61f300000)]
  0x000002c04464d000 JavaThread "Unconstrained build operations Thread 27" [_thread_blocked, id=9260, stack(0x000000c61f300000,0x000000c61f400000)]
  0x000002c04464b800 JavaThread "Unconstrained build operations Thread 28" [_thread_blocked, id=1244, stack(0x000000c61f400000,0x000000c61f500000)]
  0x000002c04464a000 JavaThread "Unconstrained build operations Thread 29" [_thread_blocked, id=11636, stack(0x000000c61f500000,0x000000c61f600000)]
  0x000002c04464a800 JavaThread "Unconstrained build operations Thread 30" [_thread_blocked, id=14312, stack(0x000000c61f600000,0x000000c61f700000)]
  0x000002c04464e800 JavaThread "Unconstrained build operations Thread 31" [_thread_blocked, id=5628, stack(0x000000c61f700000,0x000000c61f800000)]
  0x000002c044649000 JavaThread "Unconstrained build operations Thread 32" [_thread_blocked, id=5828, stack(0x000000c61f800000,0x000000c61f900000)]
  0x000002c04464f800 JavaThread "Unconstrained build operations Thread 33" [_thread_blocked, id=7628, stack(0x000000c61f900000,0x000000c61fa00000)]
  0x000002c044650800 JavaThread "Unconstrained build operations Thread 34" [_thread_blocked, id=2456, stack(0x000000c61fa00000,0x000000c61fb00000)]
  0x000002c044651000 JavaThread "Unconstrained build operations Thread 35" [_thread_blocked, id=12804, stack(0x000000c61fb00000,0x000000c61fc00000)]
  0x000002c04146e800 JavaThread "Unconstrained build operations Thread 36" [_thread_blocked, id=8676, stack(0x000000c61fc00000,0x000000c61fd00000)]
  0x000002c04146f000 JavaThread "Unconstrained build operations Thread 37" [_thread_blocked, id=5812, stack(0x000000c61fd00000,0x000000c61fe00000)]
  0x000002c041469800 JavaThread "Unconstrained build operations Thread 38" [_thread_blocked, id=4224, stack(0x000000c61fe00000,0x000000c61ff00000)]
  0x000002c04146b000 JavaThread "Unconstrained build operations Thread 39" [_thread_blocked, id=4060, stack(0x000000c61ff00000,0x000000c620000000)]
  0x000002c041470000 JavaThread "Unconstrained build operations Thread 40" [_thread_blocked, id=6252, stack(0x000000c620000000,0x000000c620100000)]
  0x000002c04146a000 JavaThread "Memory manager" [_thread_blocked, id=9672, stack(0x000000c620100000,0x000000c620200000)]
  0x000002c041470800 JavaThread "build event listener" [_thread_blocked, id=2416, stack(0x000000c61a700000,0x000000c61a800000)]

Other Threads:
  0x000002c03f983000 VMThread "VM Thread" [stack: 0x000000c61af00000,0x000000c61b000000] [id=9604]
  0x000002c040479800 WatcherThread [stack: 0x000000c61b900000,0x000000c61ba00000] [id=11096]
  0x000002c025195800 GCTaskThread "GC Thread#0" [stack: 0x000000c61aa00000,0x000000c61ab00000] [id=9320]
  0x000002c040788800 GCTaskThread "GC Thread#1" [stack: 0x000000c61ba00000,0x000000c61bb00000] [id=9876]
  0x000002c041af6000 GCTaskThread "GC Thread#2" [stack: 0x000000c61c500000,0x000000c61c600000] [id=13928]
  0x000002c041af5800 GCTaskThread "GC Thread#3" [stack: 0x000000c61c600000,0x000000c61c700000] [id=4440]
  0x000002c0251bc800 ConcurrentGCThread "G1 Main Marker" [stack: 0x000000c61ab00000,0x000000c61ac00000] [id=6372]
  0x000002c0251bd800 ConcurrentGCThread "G1 Conc#0" [stack: 0x000000c61ac00000,0x000000c61ad00000] [id=11760]
  0x000002c025207000 ConcurrentGCThread "G1 Refine#0" [stack: 0x000000c61ad00000,0x000000c61ae00000] [id=8420]
  0x000002c025208000 ConcurrentGCThread "G1 Young RemSet Sampling" [stack: 0x000000c61ae00000,0x000000c61af00000] [id=6028]

Threads with active compile tasks:
C2 CompilerThread0  71381 7584 %     4       groovy.lang.MetaClassImpl::inheritInterfaceNewMetaMethods @ 100 (195 bytes)

VM state:not at safepoint (normal execution)

VM Mutex/Monitor currently owned by a thread: None

Heap address: 0x00000000a0000000, size: 1536 MB, Compressed Oops mode: 32-bit
Narrow klass base: 0x0000000000000000, Narrow klass shift: 3
Compressed class space size: 1073741824 Address: 0x0000000100000000

Heap:
 garbage-first heap   total 164864K, used 112474K [0x00000000a0000000, 0x0000000100000000)
  region size 1024K, 48 young (49152K), 7 survivors (7168K)
 Metaspace       used 67921K, capacity 69722K, committed 70016K, reserved 1110016K
  class space    used 8583K, capacity 9237K, committed 9344K, reserved 1048576K
Heap Regions: E=young(eden), S=young(survivor), O=old, HS=humongous(starts), HC=humongous(continues), CS=collection set, F=free, A=archive, TAMS=top-at-mark-start (previous, next)
|   0|0x00000000a0000000, 0x00000000a0100000, 0x00000000a0100000|100%| O|  |TAMS 0x00000000a0100000, 0x00000000a0000000| Untracked 
|   1|0x00000000a0100000, 0x00000000a0200000, 0x00000000a0200000|100%| O|  |TAMS 0x00000000a0200000, 0x00000000a0100000| Untracked 
|   2|0x00000000a0200000, 0x00000000a0300000, 0x00000000a0300000|100%| O|  |TAMS 0x00000000a0300000, 0x00000000a0200000| Untracked 
|   3|0x00000000a0300000, 0x00000000a0400000, 0x00000000a0400000|100%|HS|  |TAMS 0x00000000a0400000, 0x00000000a0300000| Complete 
|   4|0x00000000a0400000, 0x00000000a0500000, 0x00000000a0500000|100%|HC|  |TAMS 0x00000000a0500000, 0x00000000a0400000| Complete 
|   5|0x00000000a0500000, 0x00000000a0600000, 0x00000000a0600000|100%|HC|  |TAMS 0x00000000a0600000, 0x00000000a0500000| Complete 
|   6|0x00000000a0600000, 0x00000000a0700000, 0x00000000a0700000|100%| O|  |TAMS 0x00000000a0700000, 0x00000000a0600000| Untracked 
|   7|0x00000000a0700000, 0x00000000a0800000, 0x00000000a0800000|100%| O|  |TAMS 0x00000000a0800000, 0x00000000a0700000| Untracked 
|   8|0x00000000a0800000, 0x00000000a0900000, 0x00000000a0900000|100%| O|  |TAMS 0x00000000a0900000, 0x00000000a0800000| Untracked 
|   9|0x00000000a0900000, 0x00000000a0a00000, 0x00000000a0a00000|100%| O|  |TAMS 0x00000000a0a00000, 0x00000000a0900000| Untracked 
|  10|0x00000000a0a00000, 0x00000000a0b00000, 0x00000000a0b00000|100%| O|  |TAMS 0x00000000a0b00000, 0x00000000a0a00000| Untracked 
|  11|0x00000000a0b00000, 0x00000000a0c00000, 0x00000000a0c00000|100%| O|  |TAMS 0x00000000a0c00000, 0x00000000a0b00000| Untracked 
|  12|0x00000000a0c00000, 0x00000000a0d00000, 0x00000000a0d00000|100%| O|  |TAMS 0x00000000a0d00000, 0x00000000a0c00000| Untracked 
|  13|0x00000000a0d00000, 0x00000000a0e00000, 0x00000000a0e00000|100%| O|  |TAMS 0x00000000a0e00000, 0x00000000a0d00000| Untracked 
|  14|0x00000000a0e00000, 0x00000000a0f00000, 0x00000000a0f00000|100%| O|  |TAMS 0x00000000a0f00000, 0x00000000a0e00000| Untracked 
|  15|0x00000000a0f00000, 0x00000000a1000000, 0x00000000a1000000|100%| O|  |TAMS 0x00000000a1000000, 0x00000000a0f00000| Untracked 
|  16|0x00000000a1000000, 0x00000000a1100000, 0x00000000a1100000|100%| O|  |TAMS 0x00000000a1100000, 0x00000000a1000000| Untracked 
|  17|0x00000000a1100000, 0x00000000a1200000, 0x00000000a1200000|100%| O|  |TAMS 0x00000000a1200000, 0x00000000a1100000| Untracked 
|  18|0x00000000a1200000, 0x00000000a1300000, 0x00000000a1300000|100%| O|  |TAMS 0x00000000a1300000, 0x00000000a1200000| Untracked 
|  19|0x00000000a1300000, 0x00000000a1400000, 0x00000000a1400000|100%| O|  |TAMS 0x00000000a1400000, 0x00000000a1300000| Untracked 
|  20|0x00000000a1400000, 0x00000000a1500000, 0x00000000a1500000|100%| O|  |TAMS 0x00000000a1500000, 0x00000000a1400000| Untracked 
|  21|0x00000000a1500000, 0x00000000a1600000, 0x00000000a1600000|100%| O|  |TAMS 0x00000000a1600000, 0x00000000a1500000| Untracked 
|  22|0x00000000a1600000, 0x00000000a1700000, 0x00000000a1700000|100%| O|  |TAMS 0x00000000a1700000, 0x00000000a1600000| Untracked 
|  23|0x00000000a1700000, 0x00000000a1800000, 0x00000000a1800000|100%| O|  |TAMS 0x00000000a1800000, 0x00000000a1700000| Untracked 
|  24|0x00000000a1800000, 0x00000000a1900000, 0x00000000a1900000|100%| O|  |TAMS 0x00000000a1900000, 0x00000000a1800000| Untracked 
|  25|0x00000000a1900000, 0x00000000a1a00000, 0x00000000a1a00000|100%| O|  |TAMS 0x00000000a1a00000, 0x00000000a1900000| Untracked 
|  26|0x00000000a1a00000, 0x00000000a1b00000, 0x00000000a1b00000|100%| O|  |TAMS 0x00000000a1b00000, 0x00000000a1a00000| Untracked 
|  27|0x00000000a1b00000, 0x00000000a1c00000, 0x00000000a1c00000|100%| O|  |TAMS 0x00000000a1c00000, 0x00000000a1b00000| Untracked 
|  28|0x00000000a1c00000, 0x00000000a1d00000, 0x00000000a1d00000|100%| O|  |TAMS 0x00000000a1d00000, 0x00000000a1c00000| Untracked 
|  29|0x00000000a1d00000, 0x00000000a1e00000, 0x00000000a1e00000|100%| O|  |TAMS 0x00000000a1e00000, 0x00000000a1d00000| Untracked 
|  30|0x00000000a1e00000, 0x00000000a1f00000, 0x00000000a1f00000|100%| O|  |TAMS 0x00000000a1f00000, 0x00000000a1e00000| Untracked 
|  31|0x00000000a1f00000, 0x00000000a2000000, 0x00000000a2000000|100%| O|  |TAMS 0x00000000a2000000, 0x00000000a1f00000| Untracked 
|  32|0x00000000a2000000, 0x00000000a2100000, 0x00000000a2100000|100%| O|  |TAMS 0x00000000a2100000, 0x00000000a2000000| Untracked 
|  33|0x00000000a2100000, 0x00000000a2200000, 0x00000000a2200000|100%| O|  |TAMS 0x00000000a2200000, 0x00000000a2100000| Untracked 
|  34|0x00000000a2200000, 0x00000000a2300000, 0x00000000a2300000|100%|HS|  |TAMS 0x00000000a2300000, 0x00000000a2200000| Complete 
|  35|0x00000000a2300000, 0x00000000a2400000, 0x00000000a2400000|100%|HS|  |TAMS 0x00000000a2400000, 0x00000000a2300000| Complete 
|  36|0x00000000a2400000, 0x00000000a2500000, 0x00000000a2500000|100%|HS|  |TAMS 0x00000000a2500000, 0x00000000a2400000| Complete 
|  37|0x00000000a2500000, 0x00000000a2600000, 0x00000000a2600000|100%|HS|  |TAMS 0x00000000a2600000, 0x00000000a2500000| Complete 
|  38|0x00000000a2600000, 0x00000000a2700000, 0x00000000a2700000|100%| O|  |TAMS 0x00000000a2700000, 0x00000000a2600000| Untracked 
|  39|0x00000000a2700000, 0x00000000a2800000, 0x00000000a2800000|100%| O|  |TAMS 0x00000000a2800000, 0x00000000a2700000| Untracked 
|  40|0x00000000a2800000, 0x00000000a2900000, 0x00000000a2900000|100%|HS|  |TAMS 0x00000000a2900000, 0x00000000a2800000| Complete 
|  41|0x00000000a2900000, 0x00000000a2a00000, 0x00000000a2a00000|100%|HC|  |TAMS 0x00000000a2a00000, 0x00000000a2900000| Complete 
|  42|0x00000000a2a00000, 0x00000000a2b00000, 0x00000000a2b00000|100%|HC|  |TAMS 0x00000000a2b00000, 0x00000000a2a00000| Complete 
|  43|0x00000000a2b00000, 0x00000000a2c00000, 0x00000000a2c00000|100%|HS|  |TAMS 0x00000000a2c00000, 0x00000000a2b00000| Complete 
|  44|0x00000000a2c00000, 0x00000000a2d00000, 0x00000000a2d00000|100%|HC|  |TAMS 0x00000000a2d00000, 0x00000000a2c00000| Complete 
|  45|0x00000000a2d00000, 0x00000000a2e00000, 0x00000000a2e00000|100%| O|  |TAMS 0x00000000a2e00000, 0x00000000a2d00000| Untracked 
|  46|0x00000000a2e00000, 0x00000000a2f00000, 0x00000000a2f00000|100%| O|  |TAMS 0x00000000a2f00000, 0x00000000a2e00000| Untracked 
|  47|0x00000000a2f00000, 0x00000000a3000000, 0x00000000a3000000|100%| O|  |TAMS 0x00000000a3000000, 0x00000000a2f00000| Untracked 
|  48|0x00000000a3000000, 0x00000000a3100000, 0x00000000a3100000|100%| O|  |TAMS 0x00000000a3100000, 0x00000000a3000000| Untracked 
|  49|0x00000000a3100000, 0x00000000a3200000, 0x00000000a3200000|100%| O|  |TAMS 0x00000000a3200000, 0x00000000a3100000| Untracked 
|  50|0x00000000a3200000, 0x00000000a3300000, 0x00000000a3300000|100%| O|  |TAMS 0x00000000a3300000, 0x00000000a3200000| Untracked 
|  51|0x00000000a3300000, 0x00000000a3400000, 0x00000000a3400000|100%| O|  |TAMS 0x00000000a3400000, 0x00000000a3300000| Untracked 
|  52|0x00000000a3400000, 0x00000000a3500000, 0x00000000a3500000|100%| O|  |TAMS 0x00000000a3500000, 0x00000000a3400000| Untracked 
|  53|0x00000000a3500000, 0x00000000a3600000, 0x00000000a3600000|100%| O|  |TAMS 0x00000000a3600000, 0x00000000a3500000| Untracked 
|  54|0x00000000a3600000, 0x00000000a3700000, 0x00000000a3700000|100%| O|  |TAMS 0x00000000a3700000, 0x00000000a3600000| Untracked 
|  55|0x00000000a3700000, 0x00000000a3800000, 0x00000000a3800000|100%| O|  |TAMS 0x00000000a3800000, 0x00000000a3700000| Untracked 
|  56|0x00000000a3800000, 0x00000000a3900000, 0x00000000a3900000|100%| O|  |TAMS 0x00000000a3900000, 0x00000000a3800000| Untracked 
|  57|0x00000000a3900000, 0x00000000a3a00000, 0x00000000a3a00000|100%|HS|  |TAMS 0x00000000a3900000, 0x00000000a3900000| Complete 
|  58|0x00000000a3a00000, 0x00000000a3b00000, 0x00000000a3b00000|100%|HS|  |TAMS 0x00000000a3a00000, 0x00000000a3a00000| Complete 
|  59|0x00000000a3b00000, 0x00000000a3c00000, 0x00000000a3c00000|100%|HC|  |TAMS 0x00000000a3b00000, 0x00000000a3b00000| Complete 
|  60|0x00000000a3c00000, 0x00000000a3d00000, 0x00000000a3d00000|100%| O|  |TAMS 0x00000000a3c00000, 0x00000000a3c00000| Untracked 
|  61|0x00000000a3d00000, 0x00000000a3e00000, 0x00000000a3e00000|100%| O|  |TAMS 0x00000000a3d00000, 0x00000000a3d00000| Untracked 
|  62|0x00000000a3e00000, 0x00000000a3ed6a00, 0x00000000a3f00000| 83%| O|  |TAMS 0x00000000a3e00000, 0x00000000a3e00000| Untracked 
|  63|0x00000000a3f00000, 0x00000000a3f00000, 0x00000000a4000000|  0%| F|  |TAMS 0x00000000a3f00000, 0x00000000a3f00000| Untracked 
|  64|0x00000000a4000000, 0x00000000a4000000, 0x00000000a4100000|  0%| F|  |TAMS 0x00000000a4000000, 0x00000000a4000000| Untracked 
|  65|0x00000000a4100000, 0x00000000a4100000, 0x00000000a4200000|  0%| F|  |TAMS 0x00000000a4100000, 0x00000000a4100000| Untracked 
|  66|0x00000000a4200000, 0x00000000a4200000, 0x00000000a4300000|  0%| F|  |TAMS 0x00000000a4200000, 0x00000000a4200000| Untracked 
|  67|0x00000000a4300000, 0x00000000a4300000, 0x00000000a4400000|  0%| F|  |TAMS 0x00000000a4300000, 0x00000000a4300000| Untracked 
|  68|0x00000000a4400000, 0x00000000a4400000, 0x00000000a4500000|  0%| F|  |TAMS 0x00000000a4400000, 0x00000000a4400000| Untracked 
|  69|0x00000000a4500000, 0x00000000a4500000, 0x00000000a4600000|  0%| F|  |TAMS 0x00000000a4500000, 0x00000000a4500000| Untracked 
|  70|0x00000000a4600000, 0x00000000a4600000, 0x00000000a4700000|  0%| F|  |TAMS 0x00000000a4600000, 0x00000000a4600000| Untracked 
|  71|0x00000000a4700000, 0x00000000a4700000, 0x00000000a4800000|  0%| F|  |TAMS 0x00000000a4700000, 0x00000000a4700000| Untracked 
|  72|0x00000000a4800000, 0x00000000a4800000, 0x00000000a4900000|  0%| F|  |TAMS 0x00000000a4800000, 0x00000000a4800000| Untracked 
|  73|0x00000000a4900000, 0x00000000a4900000, 0x00000000a4a00000|  0%| F|  |TAMS 0x00000000a4900000, 0x00000000a4900000| Untracked 
|  74|0x00000000a4a00000, 0x00000000a4a00000, 0x00000000a4b00000|  0%| F|  |TAMS 0x00000000a4a00000, 0x00000000a4a00000| Untracked 
|  75|0x00000000a4b00000, 0x00000000a4b00000, 0x00000000a4c00000|  0%| F|  |TAMS 0x00000000a4b00000, 0x00000000a4b00000| Untracked 
|  76|0x00000000a4c00000, 0x00000000a4c00000, 0x00000000a4d00000|  0%| F|  |TAMS 0x00000000a4c00000, 0x00000000a4c00000| Untracked 
|  77|0x00000000a4d00000, 0x00000000a4d00000, 0x00000000a4e00000|  0%| F|  |TAMS 0x00000000a4d00000, 0x00000000a4d00000| Untracked 
|  78|0x00000000a4e00000, 0x00000000a4e00000, 0x00000000a4f00000|  0%| F|  |TAMS 0x00000000a4e00000, 0x00000000a4e00000| Untracked 
|  79|0x00000000a4f00000, 0x00000000a4f00000, 0x00000000a5000000|  0%| F|  |TAMS 0x00000000a4f00000, 0x00000000a4f00000| Untracked 
|  80|0x00000000a5000000, 0x00000000a5000000, 0x00000000a5100000|  0%| F|  |TAMS 0x00000000a5000000, 0x00000000a5000000| Untracked 
|  81|0x00000000a5100000, 0x00000000a5100000, 0x00000000a5200000|  0%| F|  |TAMS 0x00000000a5100000, 0x00000000a5100000| Untracked 
|  82|0x00000000a5200000, 0x00000000a5200000, 0x00000000a5300000|  0%| F|  |TAMS 0x00000000a5200000, 0x00000000a5200000| Untracked 
|  83|0x00000000a5300000, 0x00000000a5300000, 0x00000000a5400000|  0%| F|  |TAMS 0x00000000a5300000, 0x00000000a5300000| Untracked 
|  84|0x00000000a5400000, 0x00000000a5400000, 0x00000000a5500000|  0%| F|  |TAMS 0x00000000a5400000, 0x00000000a5400000| Untracked 
|  85|0x00000000a5500000, 0x00000000a5500000, 0x00000000a5600000|  0%| F|  |TAMS 0x00000000a5500000, 0x00000000a5500000| Untracked 
|  86|0x00000000a5600000, 0x00000000a5600000, 0x00000000a5700000|  0%| F|  |TAMS 0x00000000a5600000, 0x00000000a5600000| Untracked 
|  87|0x00000000a5700000, 0x00000000a5700000, 0x00000000a5800000|  0%| F|  |TAMS 0x00000000a5700000, 0x00000000a5700000| Untracked 
|  88|0x00000000a5800000, 0x00000000a5800000, 0x00000000a5900000|  0%| F|  |TAMS 0x00000000a5800000, 0x00000000a5800000| Untracked 
|  89|0x00000000a5900000, 0x00000000a5900000, 0x00000000a5a00000|  0%| F|  |TAMS 0x00000000a5900000, 0x00000000a5900000| Untracked 
|  90|0x00000000a5a00000, 0x00000000a5a00000, 0x00000000a5b00000|  0%| F|  |TAMS 0x00000000a5a00000, 0x00000000a5a00000| Untracked 
|  91|0x00000000a5b00000, 0x00000000a5b00000, 0x00000000a5c00000|  0%| F|  |TAMS 0x00000000a5b00000, 0x00000000a5b00000| Untracked 
|  92|0x00000000a5c00000, 0x00000000a5c00000, 0x00000000a5d00000|  0%| F|  |TAMS 0x00000000a5c00000, 0x00000000a5c00000| Untracked 
|  93|0x00000000a5d00000, 0x00000000a5d00000, 0x00000000a5e00000|  0%| F|  |TAMS 0x00000000a5d00000, 0x00000000a5d00000| Untracked 
|  94|0x00000000a5e00000, 0x00000000a5e00000, 0x00000000a5f00000|  0%| F|  |TAMS 0x00000000a5e00000, 0x00000000a5e00000| Untracked 
|  95|0x00000000a5f00000, 0x00000000a5f00000, 0x00000000a6000000|  0%| F|  |TAMS 0x00000000a5f00000, 0x00000000a5f00000| Untracked 
|  96|0x00000000a6000000, 0x00000000a6000000, 0x00000000a6100000|  0%| F|  |TAMS 0x00000000a6000000, 0x00000000a6000000| Untracked 
|  97|0x00000000a6100000, 0x00000000a6100000, 0x00000000a6200000|  0%| F|  |TAMS 0x00000000a6100000, 0x00000000a6100000| Untracked 
|  98|0x00000000a6200000, 0x00000000a6200000, 0x00000000a6300000|  0%| F|  |TAMS 0x00000000a6200000, 0x00000000a6200000| Untracked 
|  99|0x00000000a6300000, 0x00000000a6400000, 0x00000000a6400000|100%| S|CS|TAMS 0x00000000a6300000, 0x00000000a6300000| Complete 
| 100|0x00000000a6400000, 0x00000000a6500000, 0x00000000a6500000|100%| S|CS|TAMS 0x00000000a6400000, 0x00000000a6400000| Complete 
| 101|0x00000000a6500000, 0x00000000a6600000, 0x00000000a6600000|100%| S|CS|TAMS 0x00000000a6500000, 0x00000000a6500000| Complete 
| 102|0x00000000a6600000, 0x00000000a6700000, 0x00000000a6700000|100%| S|CS|TAMS 0x00000000a6600000, 0x00000000a6600000| Complete 
| 103|0x00000000a6700000, 0x00000000a6800000, 0x00000000a6800000|100%| S|CS|TAMS 0x00000000a6700000, 0x00000000a6700000| Complete 
| 104|0x00000000a6800000, 0x00000000a6900000, 0x00000000a6900000|100%| S|CS|TAMS 0x00000000a6800000, 0x00000000a6800000| Complete 
| 105|0x00000000a6900000, 0x00000000a6a00000, 0x00000000a6a00000|100%| S|CS|TAMS 0x00000000a6900000, 0x00000000a6900000| Complete 
| 106|0x00000000a6a00000, 0x00000000a6a00000, 0x00000000a6b00000|  0%| F|  |TAMS 0x00000000a6a00000, 0x00000000a6a00000| Untracked 
| 107|0x00000000a6b00000, 0x00000000a6b00000, 0x00000000a6c00000|  0%| F|  |TAMS 0x00000000a6b00000, 0x00000000a6b00000| Untracked 
| 108|0x00000000a6c00000, 0x00000000a6c00000, 0x00000000a6d00000|  0%| F|  |TAMS 0x00000000a6c00000, 0x00000000a6c00000| Untracked 
| 109|0x00000000a6d00000, 0x00000000a6d00000, 0x00000000a6e00000|  0%| F|  |TAMS 0x00000000a6d00000, 0x00000000a6d00000| Untracked 
| 110|0x00000000a6e00000, 0x00000000a6e00000, 0x00000000a6f00000|  0%| F|  |TAMS 0x00000000a6e00000, 0x00000000a6e00000| Untracked 
| 111|0x00000000a6f00000, 0x00000000a6f00000, 0x00000000a7000000|  0%| F|  |TAMS 0x00000000a6f00000, 0x00000000a6f00000| Untracked 
| 112|0x00000000a7000000, 0x00000000a7000000, 0x00000000a7100000|  0%| F|  |TAMS 0x00000000a7000000, 0x00000000a7000000| Untracked 
| 113|0x00000000a7100000, 0x00000000a7100000, 0x00000000a7200000|  0%| F|  |TAMS 0x00000000a7100000, 0x00000000a7100000| Untracked 
| 114|0x00000000a7200000, 0x00000000a7200000, 0x00000000a7300000|  0%| F|  |TAMS 0x00000000a7200000, 0x00000000a7200000| Untracked 
| 115|0x00000000a7300000, 0x00000000a7300000, 0x00000000a7400000|  0%| F|  |TAMS 0x00000000a7300000, 0x00000000a7300000| Untracked 
| 116|0x00000000a7400000, 0x00000000a7400000, 0x00000000a7500000|  0%| F|  |TAMS 0x00000000a7400000, 0x00000000a7400000| Untracked 
| 117|0x00000000a7500000, 0x00000000a7500000, 0x00000000a7600000|  0%| F|  |TAMS 0x00000000a7500000, 0x00000000a7500000| Untracked 
| 118|0x00000000a7600000, 0x00000000a7600000, 0x00000000a7700000|  0%| F|  |TAMS 0x00000000a7600000, 0x00000000a7600000| Untracked 
| 119|0x00000000a7700000, 0x00000000a7700000, 0x00000000a7800000|  0%| F|  |TAMS 0x00000000a7700000, 0x00000000a7700000| Untracked 
| 120|0x00000000a7800000, 0x00000000a7900000, 0x00000000a7900000|100%| E|  |TAMS 0x00000000a7800000, 0x00000000a7800000| Complete 
| 121|0x00000000a7900000, 0x00000000a7a00000, 0x00000000a7a00000|100%| E|CS|TAMS 0x00000000a7900000, 0x00000000a7900000| Complete 
| 122|0x00000000a7a00000, 0x00000000a7b00000, 0x00000000a7b00000|100%| E|CS|TAMS 0x00000000a7a00000, 0x00000000a7a00000| Complete 
| 123|0x00000000a7b00000, 0x00000000a7c00000, 0x00000000a7c00000|100%| E|CS|TAMS 0x00000000a7b00000, 0x00000000a7b00000| Complete 
| 124|0x00000000a7c00000, 0x00000000a7d00000, 0x00000000a7d00000|100%| E|CS|TAMS 0x00000000a7c00000, 0x00000000a7c00000| Complete 
| 125|0x00000000a7d00000, 0x00000000a7e00000, 0x00000000a7e00000|100%| E|CS|TAMS 0x00000000a7d00000, 0x00000000a7d00000| Complete 
| 126|0x00000000a7e00000, 0x00000000a7f00000, 0x00000000a7f00000|100%| E|CS|TAMS 0x00000000a7e00000, 0x00000000a7e00000| Complete 
| 127|0x00000000a7f00000, 0x00000000a8000000, 0x00000000a8000000|100%| E|CS|TAMS 0x00000000a7f00000, 0x00000000a7f00000| Complete 
| 128|0x00000000a8000000, 0x00000000a8100000, 0x00000000a8100000|100%| E|CS|TAMS 0x00000000a8000000, 0x00000000a8000000| Complete 
| 129|0x00000000a8100000, 0x00000000a8200000, 0x00000000a8200000|100%| E|CS|TAMS 0x00000000a8100000, 0x00000000a8100000| Complete 
| 130|0x00000000a8200000, 0x00000000a8300000, 0x00000000a8300000|100%| E|CS|TAMS 0x00000000a8200000, 0x00000000a8200000| Complete 
| 131|0x00000000a8300000, 0x00000000a8400000, 0x00000000a8400000|100%| E|CS|TAMS 0x00000000a8300000, 0x00000000a8300000| Complete 
| 132|0x00000000a8400000, 0x00000000a8500000, 0x00000000a8500000|100%| E|CS|TAMS 0x00000000a8400000, 0x00000000a8400000| Complete 
| 133|0x00000000a8500000, 0x00000000a8600000, 0x00000000a8600000|100%| E|CS|TAMS 0x00000000a8500000, 0x00000000a8500000| Complete 
| 134|0x00000000a8600000, 0x00000000a8700000, 0x00000000a8700000|100%| E|CS|TAMS 0x00000000a8600000, 0x00000000a8600000| Complete 
| 135|0x00000000a8700000, 0x00000000a8800000, 0x00000000a8800000|100%| E|CS|TAMS 0x00000000a8700000, 0x00000000a8700000| Complete 
| 136|0x00000000a8800000, 0x00000000a8900000, 0x00000000a8900000|100%| E|CS|TAMS 0x00000000a8800000, 0x00000000a8800000| Complete 
| 137|0x00000000a8900000, 0x00000000a8a00000, 0x00000000a8a00000|100%| E|CS|TAMS 0x00000000a8900000, 0x00000000a8900000| Complete 
| 138|0x00000000a8a00000, 0x00000000a8b00000, 0x00000000a8b00000|100%| E|CS|TAMS 0x00000000a8a00000, 0x00000000a8a00000| Complete 
| 139|0x00000000a8b00000, 0x00000000a8c00000, 0x00000000a8c00000|100%| E|CS|TAMS 0x00000000a8b00000, 0x00000000a8b00000| Complete 
| 140|0x00000000a8c00000, 0x00000000a8d00000, 0x00000000a8d00000|100%| E|CS|TAMS 0x00000000a8c00000, 0x00000000a8c00000| Complete 
| 141|0x00000000a8d00000, 0x00000000a8e00000, 0x00000000a8e00000|100%| E|CS|TAMS 0x00000000a8d00000, 0x00000000a8d00000| Complete 
| 142|0x00000000a8e00000, 0x00000000a8f00000, 0x00000000a8f00000|100%| E|CS|TAMS 0x00000000a8e00000, 0x00000000a8e00000| Complete 
| 143|0x00000000a8f00000, 0x00000000a9000000, 0x00000000a9000000|100%| E|CS|TAMS 0x00000000a8f00000, 0x00000000a8f00000| Complete 
| 144|0x00000000a9000000, 0x00000000a9100000, 0x00000000a9100000|100%| E|CS|TAMS 0x00000000a9000000, 0x00000000a9000000| Complete 
| 145|0x00000000a9100000, 0x00000000a9200000, 0x00000000a9200000|100%| E|CS|TAMS 0x00000000a9100000, 0x00000000a9100000| Complete 
| 146|0x00000000a9200000, 0x00000000a9300000, 0x00000000a9300000|100%| E|CS|TAMS 0x00000000a9200000, 0x00000000a9200000| Complete 
| 147|0x00000000a9300000, 0x00000000a9400000, 0x00000000a9400000|100%| E|CS|TAMS 0x00000000a9300000, 0x00000000a9300000| Complete 
| 148|0x00000000a9400000, 0x00000000a9500000, 0x00000000a9500000|100%| E|CS|TAMS 0x00000000a9400000, 0x00000000a9400000| Complete 
| 149|0x00000000a9500000, 0x00000000a9600000, 0x00000000a9600000|100%| E|CS|TAMS 0x00000000a9500000, 0x00000000a9500000| Complete 
| 150|0x00000000a9600000, 0x00000000a9700000, 0x00000000a9700000|100%| E|CS|TAMS 0x00000000a9600000, 0x00000000a9600000| Complete 
| 151|0x00000000a9700000, 0x00000000a9800000, 0x00000000a9800000|100%| E|CS|TAMS 0x00000000a9700000, 0x00000000a9700000| Complete 
| 152|0x00000000a9800000, 0x00000000a9900000, 0x00000000a9900000|100%| E|CS|TAMS 0x00000000a9800000, 0x00000000a9800000| Complete 
| 153|0x00000000a9900000, 0x00000000a9a00000, 0x00000000a9a00000|100%| E|CS|TAMS 0x00000000a9900000, 0x00000000a9900000| Complete 
| 154|0x00000000a9a00000, 0x00000000a9b00000, 0x00000000a9b00000|100%| E|CS|TAMS 0x00000000a9a00000, 0x00000000a9a00000| Complete 
| 155|0x00000000a9b00000, 0x00000000a9c00000, 0x00000000a9c00000|100%| E|CS|TAMS 0x00000000a9b00000, 0x00000000a9b00000| Complete 
| 156|0x00000000a9c00000, 0x00000000a9d00000, 0x00000000a9d00000|100%| E|CS|TAMS 0x00000000a9c00000, 0x00000000a9c00000| Complete 
| 157|0x00000000a9d00000, 0x00000000a9e00000, 0x00000000a9e00000|100%| E|CS|TAMS 0x00000000a9d00000, 0x00000000a9d00000| Complete 
| 158|0x00000000a9e00000, 0x00000000a9f00000, 0x00000000a9f00000|100%| E|CS|TAMS 0x00000000a9e00000, 0x00000000a9e00000| Complete 
| 159|0x00000000a9f00000, 0x00000000aa000000, 0x00000000aa000000|100%| E|CS|TAMS 0x00000000a9f00000, 0x00000000a9f00000| Complete 
| 160|0x00000000aa000000, 0x00000000aa100000, 0x00000000aa100000|100%| E|CS|TAMS 0x00000000aa000000, 0x00000000aa000000| Complete 

Card table byte_map: [0x000002c039da0000,0x000002c03a0a0000] _byte_map_base: 0x000002c0398a0000

Marking Bits (Prev, Next): (CMBitMap*) 0x000002c0251b5c68, (CMBitMap*) 0x000002c0251b5ca0
 Prev Bits: [0x000002c03a3a0000, 0x000002c03bba0000)
 Next Bits: [0x000002c03bba0000, 0x000002c03d3a0000)

Polling page: 0x000002c025260000

Metaspace:

Usage:
  Non-class:     59.07 MB capacity,    57.95 MB ( 98%) used,   969.92 KB (  2%) free+waste,   176.38 KB ( <1%) overhead. 
      Class:      9.02 MB capacity,     8.38 MB ( 93%) used,   572.07 KB (  6%) free+waste,    81.75 KB ( <1%) overhead. 
       Both:     68.09 MB capacity,    66.33 MB ( 97%) used,     1.51 MB (  2%) free+waste,   258.13 KB ( <1%) overhead. 

Virtual space:
  Non-class space:       60.00 MB reserved,      59.25 MB ( 99%) committed 
      Class space:        1.00 GB reserved,       9.13 MB ( <1%) committed 
             Both:        1.06 GB reserved,      68.38 MB (  6%) committed 

Chunk freelists:
   Non-Class:  3.00 KB
       Class:  11.00 KB
        Both:  14.00 KB

MaxMetaspaceSize: 17179869184.00 GB
CompressedClassSpaceSize: 1.00 GB

CodeHeap 'non-profiled nmethods': size=120064Kb used=4069Kb max_used=4069Kb free=115994Kb
 bounds [0x000002c031f40000, 0x000002c032340000, 0x000002c039480000]
CodeHeap 'profiled nmethods': size=120000Kb used=16695Kb max_used=16695Kb free=103304Kb
 bounds [0x000002c02aa10000, 0x000002c02ba60000, 0x000002c031f40000]
CodeHeap 'non-nmethods': size=5696Kb used=2260Kb max_used=2304Kb free=3435Kb
 bounds [0x000002c02a480000, 0x000002c02a6f0000, 0x000002c02aa10000]
 total_blobs=8416 nmethods=7565 adapters=762
 compilation: enabled
              stopped_count=0, restarted_count=0
 full_count=0

Compilation events (20 events):
Event: 67.806 Thread 0x000002c04033a000 nmethod 7574 0x000002c02ba31310 code [0x000002c02ba314c0, 0x000002c02ba31608]
Event: 67.806 Thread 0x000002c04033a000 7575       3       org.codehaus.groovy.runtime.ScriptBytecodeAdapter::castToType (6 bytes)
Event: 67.806 Thread 0x000002c04033a000 nmethod 7575 0x000002c02ba31690 code [0x000002c02ba31840, 0x000002c02ba31948]
Event: 67.808 Thread 0x000002c04033a000 7576   !   3       org.gradle.groovy.scripts.internal.DefaultScriptCompilationHandler$ScriptClassLoader::loadClass (68 bytes)
Event: 67.809 Thread 0x000002c04033a000 nmethod 7576 0x000002c02ba31a10 code [0x000002c02ba31c60, 0x000002c02ba324a8]
Event: 67.814 Thread 0x000002c04033a000 7577       3       org.gradle.internal.extensibility.ExtensionsStorage::hasExtension (11 bytes)
Event: 67.814 Thread 0x000002c04033a000 nmethod 7577 0x000002c02ba32890 code [0x000002c02ba32a40, 0x000002c02ba32c08]
Event: 67.818 Thread 0x000002c040339000 7578       4       java.security.SecureClassLoader$CodeSourceKey::hashCode (21 bytes)
Event: 67.820 Thread 0x000002c04033a000 7579       1       java.util.stream.Streams$RangeIntSpliterator::characteristics (4 bytes)
Event: 67.821 Thread 0x000002c04033a000 nmethod 7579 0x000002c032338610 code [0x000002c0323387c0, 0x000002c032338878]
Event: 67.827 Thread 0x000002c040339000 nmethod 7578 0x000002c032338910 code [0x000002c032338aa0, 0x000002c032338cf8]
Event: 67.852 Thread 0x000002c04033a000 7580       3       groovyjarjarasm.asm.Frame::pop (42 bytes)
Event: 67.852 Thread 0x000002c04033a000 nmethod 7580 0x000002c02ba32d10 code [0x000002c02ba32ec0, 0x000002c02ba33058]
Event: 67.853 Thread 0x000002c04033a000 7581       3       groovyjarjarasm.asm.Handler::getExceptionTableLength (21 bytes)
Event: 67.853 Thread 0x000002c04033a000 nmethod 7581 0x000002c02ba33110 code [0x000002c02ba332c0, 0x000002c02ba33458]
Event: 67.856 Thread 0x000002c04033a000 7582       3       java.util.HashSet::remove (20 bytes)
Event: 67.857 Thread 0x000002c04033a000 nmethod 7582 0x000002c02ba33590 code [0x000002c02ba33760, 0x000002c02ba33988]
Event: 67.907 Thread 0x000002c04033a000 7583       3       org.codehaus.groovy.reflection.ClassInfo::createCachedClass (514 bytes)
Event: 67.915 Thread 0x000002c04033a000 nmethod 7583 0x000002c02ba33a90 code [0x000002c02ba33fc0, 0x000002c02ba36918]
Event: 67.919 Thread 0x000002c040339000 7584 %     4       groovy.lang.MetaClassImpl::inheritInterfaceNewMetaMethods @ 100 (195 bytes)

GC Heap History (20 events):
Event: 52.141 GC heap before
{Heap before GC invocations=45 (full 0):
 garbage-first heap   total 76800K, used 59473K [0x00000000a0000000, 0x0000000100000000)
  region size 1024K, 9 young (9216K), 1 survivors (1024K)
 Metaspace       used 51923K, capacity 53437K, committed 53760K, reserved 1095680K
  class space    used 6561K, capacity 7081K, committed 7168K, reserved 1048576K
}
Event: 52.145 GC heap after
{Heap after GC invocations=46 (full 0):
 garbage-first heap   total 76800K, used 52675K [0x00000000a0000000, 0x0000000100000000)
  region size 1024K, 1 young (1024K), 1 survivors (1024K)
 Metaspace       used 51923K, capacity 53437K, committed 53760K, reserved 1095680K
  class space    used 6561K, capacity 7081K, committed 7168K, reserved 1048576K
}
Event: 52.556 GC heap before
{Heap before GC invocations=46 (full 0):
 garbage-first heap   total 76800K, used 60867K [0x00000000a0000000, 0x0000000100000000)
  region size 1024K, 9 young (9216K), 1 survivors (1024K)
 Metaspace       used 52855K, capacity 54301K, committed 54400K, reserved 1095680K
  class space    used 6700K, capacity 7241K, committed 7296K, reserved 1048576K
}
Event: 52.561 GC heap after
{Heap after GC invocations=47 (full 0):
 garbage-first heap   total 76800K, used 52874K [0x00000000a0000000, 0x0000000100000000)
  region size 1024K, 2 young (2048K), 2 survivors (2048K)
 Metaspace       used 52855K, capacity 54301K, committed 54400K, reserved 1095680K
  class space    used 6700K, capacity 7241K, committed 7296K, reserved 1048576K
}
Event: 53.209 GC heap before
{Heap before GC invocations=48 (full 0):
 garbage-first heap   total 76800K, used 61066K [0x00000000a0000000, 0x0000000100000000)
  region size 1024K, 10 young (10240K), 2 survivors (2048K)
 Metaspace       used 53825K, capacity 55260K, committed 55552K, reserved 1097728K
  class space    used 6819K, capacity 7325K, committed 7424K, reserved 1048576K
}
Event: 53.214 GC heap after
{Heap after GC invocations=49 (full 0):
 garbage-first heap   total 76800K, used 53279K [0x00000000a0000000, 0x0000000100000000)
  region size 1024K, 2 young (2048K), 2 survivors (2048K)
 Metaspace       used 53825K, capacity 55260K, committed 55552K, reserved 1097728K
  class space    used 6819K, capacity 7325K, committed 7424K, reserved 1048576K
}
Event: 53.721 GC heap before
{Heap before GC invocations=49 (full 0):
 garbage-first heap   total 76800K, used 60447K [0x00000000a0000000, 0x0000000100000000)
  region size 1024K, 10 young (10240K), 2 survivors (2048K)
 Metaspace       used 55067K, capacity 56642K, committed 56960K, reserved 1099776K
  class space    used 6940K, capacity 7487K, committed 7552K, reserved 1048576K
}
Event: 53.767 GC heap after
{Heap after GC invocations=50 (full 0):
 garbage-first heap   total 98304K, used 53292K [0x00000000a0000000, 0x0000000100000000)
  region size 1024K, 2 young (2048K), 2 survivors (2048K)
 Metaspace       used 55067K, capacity 56642K, committed 56960K, reserved 1099776K
  class space    used 6940K, capacity 7487K, committed 7552K, reserved 1048576K
}
Event: 55.034 GC heap before
{Heap before GC invocations=51 (full 0):
 garbage-first heap   total 98304K, used 71724K [0x00000000a0000000, 0x0000000100000000)
  region size 1024K, 20 young (20480K), 2 survivors (2048K)
 Metaspace       used 57849K, capacity 59441K, committed 59648K, reserved 1101824K
  class space    used 7310K, capacity 7906K, committed 7936K, reserved 1048576K
}
Event: 55.042 GC heap after
{Heap after GC invocations=52 (full 0):
 garbage-first heap   total 98304K, used 54225K [0x00000000a0000000, 0x0000000100000000)
  region size 1024K, 2 young (2048K), 2 survivors (2048K)
 Metaspace       used 57849K, capacity 59441K, committed 59648K, reserved 1101824K
  class space    used 7310K, capacity 7906K, committed 7936K, reserved 1048576K
}
Event: 56.164 GC heap before
{Heap before GC invocations=52 (full 0):
 garbage-first heap   total 98304K, used 73681K [0x00000000a0000000, 0x0000000100000000)
  region size 1024K, 22 young (22528K), 2 survivors (2048K)
 Metaspace       used 59698K, capacity 61313K, committed 61440K, reserved 1101824K
  class space    used 7529K, capacity 8082K, committed 8192K, reserved 1048576K
}
Event: 56.193 GC heap after
{Heap after GC invocations=53 (full 0):
 garbage-first heap   total 98304K, used 58950K [0x00000000a0000000, 0x0000000100000000)
  region size 1024K, 3 young (3072K), 3 survivors (3072K)
 Metaspace       used 59698K, capacity 61313K, committed 61440K, reserved 1101824K
  class space    used 7529K, capacity 8082K, committed 8192K, reserved 1048576K
}
Event: 57.626 GC heap before
{Heap before GC invocations=54 (full 0):
 garbage-first heap   total 98304K, used 75334K [0x00000000a0000000, 0x0000000100000000)
  region size 1024K, 19 young (19456K), 3 survivors (3072K)
 Metaspace       used 61359K, capacity 62876K, committed 63104K, reserved 1103872K
  class space    used 7734K, capacity 8279K, committed 8320K, reserved 1048576K
}
Event: 57.636 GC heap after
{Heap after GC invocations=55 (full 0):
 garbage-first heap   total 98304K, used 59576K [0x00000000a0000000, 0x0000000100000000)
  region size 1024K, 2 young (2048K), 2 survivors (2048K)
 Metaspace       used 61359K, capacity 62876K, committed 63104K, reserved 1103872K
  class space    used 7734K, capacity 8279K, committed 8320K, reserved 1048576K
}
Event: 58.550 GC heap before
{Heap before GC invocations=55 (full 0):
 garbage-first heap   total 98304K, used 76984K [0x00000000a0000000, 0x0000000100000000)
  region size 1024K, 19 young (19456K), 2 survivors (2048K)
 Metaspace       used 62772K, capacity 64355K, committed 64640K, reserved 1105920K
  class space    used 7890K, capacity 8451K, committed 8576K, reserved 1048576K
}
Event: 58.573 GC heap after
{Heap after GC invocations=56 (full 0):
 garbage-first heap   total 164864K, used 60362K [0x00000000a0000000, 0x0000000100000000)
  region size 1024K, 2 young (2048K), 2 survivors (2048K)
 Metaspace       used 62772K, capacity 64355K, committed 64640K, reserved 1105920K
  class space    used 7890K, capacity 8451K, committed 8576K, reserved 1048576K
}
Event: 61.353 GC heap before
{Heap before GC invocations=57 (full 0):
 garbage-first heap   total 164864K, used 107466K [0x00000000a0000000, 0x0000000100000000)
  region size 1024K, 48 young (49152K), 2 survivors (2048K)
 Metaspace       used 66187K, capacity 67841K, committed 67968K, reserved 1107968K
  class space    used 8353K, capacity 8968K, committed 9088K, reserved 1048576K
}
Event: 61.365 GC heap after
{Heap after GC invocations=58 (full 0):
 garbage-first heap   total 164864K, used 62118K [0x00000000a0000000, 0x0000000100000000)
  region size 1024K, 4 young (4096K), 4 survivors (4096K)
 Metaspace       used 66187K, capacity 67841K, committed 67968K, reserved 1107968K
  class space    used 8353K, capacity 8968K, committed 9088K, reserved 1048576K
}
Event: 63.826 GC heap before
{Heap before GC invocations=58 (full 0):
 garbage-first heap   total 164864K, used 116390K [0x00000000a0000000, 0x0000000100000000)
  region size 1024K, 55 young (56320K), 4 survivors (4096K)
 Metaspace       used 67184K, capacity 68964K, committed 69120K, reserved 1110016K
  class space    used 8470K, capacity 9098K, committed 9216K, reserved 1048576K
}
Event: 63.845 GC heap after
{Heap after GC invocations=59 (full 0):
 garbage-first heap   total 164864K, used 71514K [0x00000000a0000000, 0x0000000100000000)
  region size 1024K, 7 young (7168K), 7 survivors (7168K)
 Metaspace       used 67184K, capacity 68964K, committed 69120K, reserved 1110016K
  class space    used 8470K, capacity 9098K, committed 9216K, reserved 1048576K
}

Deoptimization events (20 events):
Event: 63.271 Thread 0x000002c041ec4800 DEOPT PACKING pc=0x000002c02b4fa3f1 sp=0x000000c61c1f3c80
Event: 63.271 Thread 0x000002c041ec4800 DEOPT UNPACKING pc=0x000002c02a4a6dde sp=0x000000c61c1f3178 mode 0
Event: 63.662 Thread 0x000002c041ec4800 Uncommon trap: trap_request=0xffffff4d fr.pc=0x000002c031fc88ac relative=0x0000000000000eac
Event: 63.662 Thread 0x000002c041ec4800 Uncommon trap: reason=unstable_if action=reinterpret pc=0x000002c031fc88ac method=java.util.jar.JarFile.match([B[B[B[B)I @ 52 c2
Event: 63.662 Thread 0x000002c041ec4800 DEOPT PACKING pc=0x000002c031fc88ac sp=0x000000c61c1e9360
Event: 63.662 Thread 0x000002c041ec4800 DEOPT UNPACKING pc=0x000002c02a4a662f sp=0x000000c61c1e9278 mode 2
Event: 63.762 Thread 0x000002c041ec4800 Uncommon trap: trap_request=0xffffff4d fr.pc=0x000002c0322dcf44 relative=0x0000000000000444
Event: 63.762 Thread 0x000002c041ec4800 Uncommon trap: reason=unstable_if action=reinterpret pc=0x000002c0322dcf44 method=org.codehaus.groovy.runtime.metaclass.MetaMethodIndex.copyNonPrivateNonNewMetaMethods(Lorg/codehaus/groovy/runtime/metaclass/MetaMethodIndex$Entry;Lorg/codehaus/groovy/runti
Event: 63.762 Thread 0x000002c041ec4800 DEOPT PACKING pc=0x000002c0322dcf44 sp=0x000000c61c1f2ad0
Event: 63.763 Thread 0x000002c041ec4800 DEOPT UNPACKING pc=0x000002c02a4a662f sp=0x000000c61c1f2a88 mode 2
Event: 63.767 Thread 0x000002c041ec4800 Uncommon trap: trap_request=0xffffff4d fr.pc=0x000002c0323098b4 relative=0x0000000000000654
Event: 63.767 Thread 0x000002c041ec4800 Uncommon trap: reason=unstable_if action=reinterpret pc=0x000002c0323098b4 method=groovy.lang.MetaClassImpl.filterPropertyMethod(Ljava/lang/Object;ZZ)Ljava/lang/Object; @ 72 c2
Event: 63.767 Thread 0x000002c041ec4800 DEOPT PACKING pc=0x000002c0323098b4 sp=0x000000c61c1f2a10
Event: 63.767 Thread 0x000002c041ec4800 DEOPT UNPACKING pc=0x000002c02a4a662f sp=0x000000c61c1f2998 mode 2
Event: 65.002 Thread 0x000002c041ec4800 DEOPT PACKING pc=0x000002c02afde091 sp=0x000000c61c1f08f0
Event: 65.002 Thread 0x000002c041ec4800 DEOPT UNPACKING pc=0x000002c02a4a6dde sp=0x000000c61c1efdc8 mode 0
Event: 65.058 Thread 0x000002c041ec4800 DEOPT PACKING pc=0x000002c02b9eb859 sp=0x000000c61c1f15c0
Event: 65.058 Thread 0x000002c041ec4800 DEOPT UNPACKING pc=0x000002c02a4a6dde sp=0x000000c61c1f0b58 mode 3
Event: 65.090 Thread 0x000002c041ec4800 DEOPT PACKING pc=0x000002c02b9eb134 sp=0x000000c61c1f2450
Event: 65.090 Thread 0x000002c041ec4800 DEOPT UNPACKING pc=0x000002c02a4a6dde sp=0x000000c61c1f19f0 mode 0

Classes redefined (0 events):
No events

Internal exceptions (20 events):
Event: 64.311 Thread 0x000002c041ec4800 Exception <a 'java/lang/ClassNotFoundException'{0x00000000a974a9b8}: FlutterExtension_DecoratedCustomizer> (0x00000000a974a9b8) thrown at [./src/hotspot/share/classfile/systemDictionary.cpp, line 231]
Event: 64.319 Thread 0x000002c041ec4800 Exception <a 'java/lang/ClassNotFoundException'{0x00000000a97bb288}: org/gradle/api/internal/project/ProjectStateInternalBeanInfo> (0x00000000a97bb288) thrown at [./src/hotspot/share/classfile/systemDictionary.cpp, line 231]
Event: 64.324 Thread 0x000002c041ec4800 Exception <a 'java/lang/ClassNotFoundException'{0x00000000a97f58f8}: org/gradle/api/internal/project/ProjectStateInternalCustomizer> (0x00000000a97f58f8) thrown at [./src/hotspot/share/classfile/systemDictionary.cpp, line 231]
Event: 64.332 Thread 0x000002c041ec4800 Exception <a 'java/lang/ClassNotFoundException'{0x00000000a950fbc8}: java/lang/StringBeanInfo> (0x00000000a950fbc8) thrown at [./src/hotspot/share/classfile/systemDictionary.cpp, line 231]
Event: 64.333 Thread 0x000002c041ec4800 Exception <a 'java/lang/ClassNotFoundException'{0x00000000a951f0b8}: java/lang/StringCustomizer> (0x00000000a951f0b8) thrown at [./src/hotspot/share/classfile/systemDictionary.cpp, line 231]
Event: 64.829 Thread 0x000002c041ec4800 Exception <a 'java/lang/ClassNotFoundException'{0x00000000a9582490}: groovy/runtime/metaclass/[Ljava/lang/String;MetaClass> (0x00000000a9582490) thrown at [./src/hotspot/share/prims/jni.cpp, line 636]
Event: 64.830 Thread 0x000002c041ec4800 Exception <a 'java/lang/ClassNotFoundException'{0x00000000a958a358}: [Ljava/lang/String;BeanInfo> (0x00000000a958a358) thrown at [./src/hotspot/share/prims/jni.cpp, line 636]
Event: 64.830 Thread 0x000002c041ec4800 Exception <a 'java/lang/ClassNotFoundException'{0x00000000a958c3a8}: [Ljava/lang/String;BeanInfo> (0x00000000a958c3a8) thrown at [./src/hotspot/share/prims/jni.cpp, line 636]
Event: 64.830 Thread 0x000002c041ec4800 Exception <a 'java/lang/ClassNotFoundException'{0x00000000a958e4b8}: [Ljava/lang/String;Customizer> (0x00000000a958e4b8) thrown at [./src/hotspot/share/prims/jni.cpp, line 636]
Event: 64.831 Thread 0x000002c041ec4800 Exception <a 'java/lang/ClassNotFoundException'{0x00000000a9590508}: [Ljava/lang/String;Customizer> (0x00000000a9590508) thrown at [./src/hotspot/share/prims/jni.cpp, line 636]
Event: 64.948 Thread 0x000002c041ec4800 Exception <a 'java/lang/ClassNotFoundException'{0x00000000a940b2a8}: java/util/LinkedHashMapBeanInfo> (0x00000000a940b2a8) thrown at [./src/hotspot/share/classfile/systemDictionary.cpp, line 231]
Event: 64.949 Thread 0x000002c041ec4800 Exception <a 'java/lang/ClassNotFoundException'{0x00000000a941b230}: java/util/HashMapBeanInfo> (0x00000000a941b230) thrown at [./src/hotspot/share/classfile/systemDictionary.cpp, line 231]
Event: 64.950 Thread 0x000002c041ec4800 Exception <a 'java/lang/ClassNotFoundException'{0x00000000a942ba08}: java/util/HashMapCustomizer> (0x00000000a942ba08) thrown at [./src/hotspot/share/classfile/systemDictionary.cpp, line 231]
Event: 64.954 Thread 0x000002c041ec4800 Exception <a 'java/lang/ClassNotFoundException'{0x00000000a9452c48}: java/util/LinkedHashMapCustomizer> (0x00000000a9452c48) thrown at [./src/hotspot/share/classfile/systemDictionary.cpp, line 231]
Event: 67.621 Thread 0x000002c041ec4800 Exception <a 'java/lang/ClassNotFoundException'{0x00000000a9052e60}: org/codehaus/groovy/runtime/MethodClosureBeanInfo> (0x00000000a9052e60) thrown at [./src/hotspot/share/classfile/systemDictionary.cpp, line 231]
Event: 67.630 Thread 0x000002c041ec4800 Exception <a 'java/lang/ClassNotFoundException'{0x00000000a8d16b20}: org/codehaus/groovy/runtime/MethodClosureCustomizer> (0x00000000a8d16b20) thrown at [./src/hotspot/share/classfile/systemDictionary.cpp, line 231]
Event: 67.863 Thread 0x000002c041ec4800 Exception <a 'java/lang/ClassNotFoundException'{0x00000000a8b48370}: java/nio/file/PathsBeanInfo> (0x00000000a8b48370) thrown at [./src/hotspot/share/classfile/systemDictionary.cpp, line 231]
Event: 67.901 Thread 0x000002c041ec4800 Exception <a 'java/lang/ClassNotFoundException'{0x00000000a8b578c0}: java/nio/file/PathsCustomizer> (0x00000000a8b578c0) thrown at [./src/hotspot/share/classfile/systemDictionary.cpp, line 231]
Event: 67.927 Thread 0x000002c041ec4800 Exception <a 'java/lang/ClassNotFoundException'{0x00000000a8a10250}: sun/nio/fs/WindowsPathBeanInfo> (0x00000000a8a10250) thrown at [./src/hotspot/share/classfile/systemDictionary.cpp, line 231]
Event: 67.931 Thread 0x000002c041ec4800 Exception <a 'java/lang/ClassNotFoundException'{0x00000000a8a1f7e8}: sun/nio/fs/WindowsPathCustomizer> (0x00000000a8a1f7e8) thrown at [./src/hotspot/share/classfile/systemDictionary.cpp, line 231]

Events (20 events):
Event: 67.859 loading class java/nio/file/PathsBeanInfo
Event: 67.859 loading class java/nio/file/PathsBeanInfo done
Event: 67.859 loading class java/nio/file/PathsBeanInfo
Event: 67.859 loading class java/nio/file/PathsBeanInfo done
Event: 67.877 loading class java/nio/file/PathsCustomizer
Event: 67.877 loading class java/nio/file/PathsCustomizer done
Event: 67.900 loading class java/nio/file/PathsCustomizer
Event: 67.900 loading class java/nio/file/PathsCustomizer done
Event: 67.904 loading class groovy/runtime/metaclass/sun/nio/fs/WindowsPathMetaClass
Event: 67.904 loading class groovy/runtime/metaclass/sun/nio/fs/WindowsPathMetaClass done
Event: 67.916 loading class java/nio/file/attribute/UserPrincipalLookupService
Event: 67.917 loading class java/nio/file/attribute/UserPrincipalLookupService done
Event: 67.925 loading class sun/nio/fs/WindowsPathBeanInfo
Event: 67.925 loading class sun/nio/fs/WindowsPathBeanInfo done
Event: 67.927 loading class sun/nio/fs/WindowsPathBeanInfo
Event: 67.927 loading class sun/nio/fs/WindowsPathBeanInfo done
Event: 67.927 loading class sun/nio/fs/WindowsPathCustomizer
Event: 67.927 loading class sun/nio/fs/WindowsPathCustomizer done
Event: 67.931 loading class sun/nio/fs/WindowsPathCustomizer
Event: 67.931 loading class sun/nio/fs/WindowsPathCustomizer done


Dynamic libraries:
0x00007ff70c0f0000 - 0x00007ff70c0fa000 	C:\Program Files\Android\Android Studio\jre\bin\java.exe
0x00007ff83d1b0000 - 0x00007ff83d3a5000 	C:\WINDOWS\SYSTEM32\ntdll.dll
0x00007ff83b460000 - 0x00007ff83b51e000 	C:\WINDOWS\System32\KERNEL32.DLL
0x00007ff83a9c0000 - 0x00007ff83ac88000 	C:\WINDOWS\System32\KERNELBASE.dll
0x00007ff83ad40000 - 0x00007ff83ae40000 	C:\WINDOWS\System32\ucrtbase.dll
0x00007ff82cbf0000 - 0x00007ff82cc09000 	C:\Program Files\Android\Android Studio\jre\bin\jli.dll
0x00007ff83ce70000 - 0x00007ff83d010000 	C:\WINDOWS\System32\USER32.dll
0x00007ff83a990000 - 0x00007ff83a9b2000 	C:\WINDOWS\System32\win32u.dll
0x00007ff83c670000 - 0x00007ff83c69b000 	C:\WINDOWS\System32\GDI32.dll
0x00007ff83af50000 - 0x00007ff83b05b000 	C:\WINDOWS\System32\gdi32full.dll
0x00007ff82cbd0000 - 0x00007ff82cbe7000 	C:\Program Files\Android\Android Studio\jre\bin\VCRUNTIME140.dll
0x00007ff83ae40000 - 0x00007ff83aedd000 	C:\WINDOWS\System32\msvcp_win.dll
0x00007ff830c40000 - 0x00007ff830eda000 	C:\WINDOWS\WinSxS\amd64_microsoft.windows.common-controls_6595b64144ccf1df_6.0.19041.1110_none_60b5254171f9507e\COMCTL32.dll
0x00007ff83d010000 - 0x00007ff83d0ae000 	C:\WINDOWS\System32\msvcrt.dll
0x00007ff83b210000 - 0x00007ff83b240000 	C:\WINDOWS\System32\IMM32.DLL
0x00007ff80afb0000 - 0x00007ff80b04d000 	C:\Program Files\Android\Android Studio\jre\bin\msvcp140.dll
0x00007fffd1ff0000 - 0x00007fffd2ac5000 	C:\Program Files\Android\Android Studio\jre\bin\server\jvm.dll
0x00007ff83d0c0000 - 0x00007ff83d16e000 	C:\WINDOWS\System32\ADVAPI32.dll
0x00007ff83c4a0000 - 0x00007ff83c53c000 	C:\WINDOWS\System32\sechost.dll
0x00007ff83b580000 - 0x00007ff83b6a5000 	C:\WINDOWS\System32\RPCRT4.dll
0x00007ff83d0b0000 - 0x00007ff83d0b8000 	C:\WINDOWS\System32\PSAPI.DLL
0x00007ff82ed50000 - 0x00007ff82ed59000 	C:\WINDOWS\SYSTEM32\WSOCK32.dll
0x00007ff83c6a0000 - 0x00007ff83c70b000 	C:\WINDOWS\System32\WS2_32.dll
0x00007ff823790000 - 0x00007ff8237b7000 	C:\WINDOWS\SYSTEM32\WINMM.dll
0x00007ff833120000 - 0x00007ff83312a000 	C:\WINDOWS\SYSTEM32\VERSION.dll
0x00007ff839170000 - 0x00007ff839182000 	C:\WINDOWS\SYSTEM32\kernel.appcore.dll
0x00007ff825670000 - 0x00007ff825681000 	C:\Program Files\Android\Android Studio\jre\bin\verify.dll
0x00007ff8386d0000 - 0x00007ff8388b4000 	C:\WINDOWS\SYSTEM32\DBGHELP.DLL
0x00007ff833ed0000 - 0x00007ff833efc000 	C:\WINDOWS\SYSTEM32\dbgcore.DLL
0x00007ff83a8d0000 - 0x00007ff83a952000 	C:\WINDOWS\System32\bcryptPrimitives.dll
0x00007ff825640000 - 0x00007ff825669000 	C:\Program Files\Android\Android Studio\jre\bin\java.dll
0x00007ff832cb0000 - 0x00007ff832cbb000 	C:\Program Files\Android\Android Studio\jre\bin\jimage.dll
0x00007ff824cc0000 - 0x00007ff824cd8000 	C:\Program Files\Android\Android Studio\jre\bin\zip.dll
0x00007ff83b9e0000 - 0x00007ff83c124000 	C:\WINDOWS\System32\SHELL32.dll
0x00007ff8388c0000 - 0x00007ff839054000 	C:\WINDOWS\SYSTEM32\windows.storage.dll
0x00007ff83c140000 - 0x00007ff83c494000 	C:\WINDOWS\System32\combase.dll
0x00007ff83a260000 - 0x00007ff83a28c000 	C:\WINDOWS\SYSTEM32\Wldp.dll
0x00007ff83c710000 - 0x00007ff83c7bd000 	C:\WINDOWS\System32\SHCORE.dll
0x00007ff83b520000 - 0x00007ff83b575000 	C:\WINDOWS\System32\shlwapi.dll
0x00007ff83a810000 - 0x00007ff83a82f000 	C:\WINDOWS\SYSTEM32\profapi.dll
0x00007ff81a4e0000 - 0x00007ff81a4fa000 	C:\Program Files\Android\Android Studio\jre\bin\net.dll
0x00007ff834c90000 - 0x00007ff834d99000 	C:\WINDOWS\SYSTEM32\WINHTTP.dll
0x00007ff839fc0000 - 0x00007ff83a02a000 	C:\WINDOWS\system32\mswsock.dll
0x00007ff81a4c0000 - 0x00007ff81a4d4000 	C:\Program Files\Android\Android Studio\jre\bin\nio.dll
0x00007ff819720000 - 0x00007ff819747000 	C:\Users\dell\.gradle\native\e1d6ef7f7dcc3fd88c89a11ec53ec762bb8ba0a96d01ffa2cd45eb1d1d8dd5c5\windows-amd64\native-platform.dll
0x00007ffff9440000 - 0x00007ffff9584000 	C:\Users\dell\.gradle\native\5664cfc778a61ccfe75a443a1ab52a65af34e5dc3c78e0209fed803814484fcb\windows-amd64\native-platform-file-events.dll
0x00007ff832490000 - 0x00007ff83249a000 	C:\Program Files\Android\Android Studio\jre\bin\management.dll
0x00007ff82f2e0000 - 0x00007ff82f2ed000 	C:\Program Files\Android\Android Studio\jre\bin\management_ext.dll
0x00007ff83a1c0000 - 0x00007ff83a1d8000 	C:\WINDOWS\SYSTEM32\CRYPTSP.dll
0x00007ff839940000 - 0x00007ff839974000 	C:\WINDOWS\system32\rsaenh.dll
0x00007ff83a960000 - 0x00007ff83a987000 	C:\WINDOWS\System32\bcrypt.dll
0x00007ff83a7d0000 - 0x00007ff83a7fe000 	C:\WINDOWS\SYSTEM32\USERENV.dll
0x00007ff83a1b0000 - 0x00007ff83a1bc000 	C:\WINDOWS\SYSTEM32\CRYPTBASE.dll
0x00007ff839cb0000 - 0x00007ff839ceb000 	C:\WINDOWS\SYSTEM32\IPHLPAPI.DLL
0x00007ff83c130000 - 0x00007ff83c138000 	C:\WINDOWS\System32\NSI.dll
0x00007ff8323f0000 - 0x00007ff832407000 	C:\WINDOWS\SYSTEM32\dhcpcsvc6.DLL
0x00007ff832c20000 - 0x00007ff832c3d000 	C:\WINDOWS\SYSTEM32\dhcpcsvc.DLL
0x00007ff839cf0000 - 0x00007ff839dba000 	C:\WINDOWS\SYSTEM32\DNSAPI.dll

dbghelp: loaded successfully - version: 4.0.5 - missing functions: none
symbol engine: initialized successfully - sym options: 0x614 - pdb path: .;C:\Program Files\Android\Android Studio\jre\bin;C:\WINDOWS\SYSTEM32;C:\WINDOWS\WinSxS\amd64_microsoft.windows.common-controls_6595b64144ccf1df_6.0.19041.1110_none_60b5254171f9507e;C:\Program Files\Android\Android Studio\jre\bin\server;C:\Users\dell\.gradle\native\e1d6ef7f7dcc3fd88c89a11ec53ec762bb8ba0a96d01ffa2cd45eb1d1d8dd5c5\windows-amd64;C:\Users\dell\.gradle\native\5664cfc778a61ccfe75a443a1ab52a65af34e5dc3c78e0209fed803814484fcb\windows-amd64

VM Arguments:
jvm_args: --add-opens=java.base/java.util=ALL-UNNAMED --add-opens=java.base/java.lang=ALL-UNNAMED --add-opens=java.base/java.lang.invoke=ALL-UNNAMED --add-opens=java.base/java.util=ALL-UNNAMED --add-opens=java.prefs/java.util.prefs=ALL-UNNAMED --add-opens=java.prefs/java.util.prefs=ALL-UNNAMED --add-opens=java.base/java.nio.charset=ALL-UNNAMED --add-opens=java.base/java.net=ALL-UNNAMED --add-opens=java.base/java.util.concurrent.atomic=ALL-UNNAMED -Xmx1536M -Dfile.encoding=windows-1252 -Duser.country=US -Duser.language=en -Duser.variant 
java_command: org.gradle.launcher.daemon.bootstrap.GradleDaemon 7.2
java_class_path (initial): C:\Users\dell\.gradle\wrapper\dists\gradle-7.2-all\260hg96vuh6ex27h9vo47iv4d\gradle-7.2\lib\gradle-launcher-7.2.jar
Launcher Type: SUN_STANDARD

[Global flags]
     intx CICompilerCount                          = 3                                         {product} {ergonomic}
     uint ConcGCThreads                            = 1                                         {product} {ergonomic}
     uint G1ConcRefinementThreads                  = 4                                         {product} {ergonomic}
   size_t G1HeapRegionSize                         = 1048576                                   {product} {ergonomic}
    uintx GCDrainStackTargetSize                   = 64                                        {product} {ergonomic}
   size_t InitialHeapSize                          = 65011712                                  {product} {ergonomic}
   size_t MarkStackSize                            = 4194304                                   {product} {ergonomic}
   size_t MaxHeapSize                              = 1610612736                                {product} {command line}
   size_t MaxNewSize                               = 965738496                                 {product} {ergonomic}
   size_t MinHeapDeltaBytes                        = 1048576                                   {product} {ergonomic}
    uintx NonNMethodCodeHeapSize                   = 5830732                                {pd product} {ergonomic}
    uintx NonProfiledCodeHeapSize                  = 122913754                              {pd product} {ergonomic}
    uintx ProfiledCodeHeapSize                     = 122913754                              {pd product} {ergonomic}
    uintx ReservedCodeCacheSize                    = 251658240                              {pd product} {ergonomic}
     bool SegmentedCodeCache                       = true                                      {product} {ergonomic}
     bool UseCompressedClassPointers               = true                                 {lp64_product} {ergonomic}
     bool UseCompressedOops                        = true                                 {lp64_product} {ergonomic}
     bool UseG1GC                                  = true                                      {product} {ergonomic}
     bool UseLargePagesIndividualAllocation        = false                                  {pd product} {ergonomic}

Logging:
Log output configuration:
 #0: stdout all=warning uptime,level,tags
 #1: stderr all=off uptime,level,tags

Environment Variables:
JAVA_HOME=C:\Program Files\Android\Android Studio\jre
CLASSPATH=G:\Vyapar-Party-App\android\\gradle\wrapper\gradle-wrapper.jar
PATH=C:\Program Files\Common Files\Oracle\Java\javapath;C:\WINDOWS\system32;C:\WINDOWS;C:\WINDOWS\System32\Wbem;C:\WINDOWS\System32\WindowsPowerShell\v1.0\;C:\WINDOWS\System32\OpenSSH\;C:\Windows\System32;C:\Program Files\Git\cmd;C:\Program Files\Android\Android Studio\jre;G:\Softwere\flutter_windows_1.22.5-stable\flutter\bin;C:\Users\dell\AppData\Local\Android\Sdk\platform-tools;C:\Users\dell\AppData\Local\Microsoft\WindowsApps;C:\Users\dell\AppData\Local\Programs\Microsoft VS Code\bin;G:\Softwere\flutter_windows_1.22.5-stable\flutter\bin;C:\Users\dell\AppData\Local\Android\Sdk\platform-tools;
USERNAME=Pratik
OS=Windows_NT
PROCESSOR_IDENTIFIER=Intel64 Family 6 Model 78 Stepping 3, GenuineIntel



---------------  S Y S T E M  ---------------

OS: Windows 10 , 64 bit Build 19041 (10.0.19041.1566)
OS uptime: 5 days 11:47 hours

CPU:total 4 (initial active 4) (2 cores per cpu, 2 threads per core) family 6 model 78 stepping 3 microcode 0xdc, cmov, cx8, fxsr, mmx, sse, sse2, sse3, ssse3, sse4.1, sse4.2, popcnt, avx, avx2, aes, clmul, erms, 3dnowpref, lzcnt, ht, tsc, tscinvbit, bmi1, bmi2, adx, fma

Memory: 4k page, system-wide physical 3961M (221M free)
TotalPageFile size 16249M (AvailPageFile size 49M)
current process WorkingSet (physical memory assigned to process): 305M, peak: 324M
current process commit charge ("private bytes"): 384M, peak: 399M

vm_info: OpenJDK 64-Bit Server VM (11.0.11+9-b60-7590822) for windows-amd64 JRE (11.0.11+9-b60-7590822), built on Jul 29 2021 21:43:44 by "builder" with MS VC++ 14.0 (VS2015)

END.
